2022-09-06 10:57:46.840  INFO 10336 --- [restartedMain] c.e.s.SpringbootMybatisApplication       : The following profiles are active: dev
2022-09-06 10:57:47.587  INFO 10336 --- [restartedMain] .s.d.r.c.RepositoryConfigurationDelegate : Multiple Spring Data modules found, entering strict repository configuration mode!
2022-09-06 10:57:47.589  INFO 10336 --- [restartedMain] .s.d.r.c.RepositoryConfigurationDelegate : Bootstrapping Spring Data Redis repositories in DEFAULT mode.
2022-09-06 10:57:47.619  INFO 10336 --- [restartedMain] .s.d.r.c.RepositoryConfigurationDelegate : Finished Spring Data repository scanning in 10ms. Found 0 Redis repository interfaces.
2022-09-06 10:57:47.807  INFO 10336 --- [restartedMain] o.s.cloud.context.scope.GenericScope     : BeanFactory id=b40d4ccc-e716-3892-860e-08fb2b3337e6
2022-09-06 10:57:47.978  INFO 10336 --- [restartedMain] trationDelegate$BeanPostProcessorChecker : Bean 'redisConfig' of type [com.example.springbootmybatis.config.RedisConfig$$EnhancerBySpringCGLIB$$130e3a5b] is not eligible for getting processed by all BeanPostProcessors (for example: not eligible for auto-proxying)
2022-09-06 10:57:48.386  INFO 10336 --- [restartedMain] o.s.b.w.embedded.tomcat.TomcatWebServer  : Tomcat initialized with port(s): 8020 (http)
2022-09-06 10:57:48.396  INFO 10336 --- [restartedMain] o.apache.catalina.core.StandardService   : Starting service [Tomcat]
2022-09-06 10:57:48.396  INFO 10336 --- [restartedMain] org.apache.catalina.core.StandardEngine  : Starting Servlet engine: [Apache Tomcat/9.0.46]
2022-09-06 10:57:48.553  INFO 10336 --- [restartedMain] o.a.c.c.C.[Tomcat].[localhost].[/]       : Initializing Spring embedded WebApplicationContext
2022-09-06 10:57:48.553  INFO 10336 --- [restartedMain] w.s.c.ServletWebServerApplicationContext : Root WebApplicationContext: initialization completed in 1698 ms
2022-09-06 10:57:49.500  INFO 10336 --- [restartedMain] pertySourcedRequestMappingHandlerMapping : Mapped URL path [/v2/api-docs] onto method [springfox.documentation.swagger2.web.Swagger2Controller#getDocumentation(String, HttpServletRequest)]
2022-09-06 10:57:49.516  WARN 10336 --- [restartedMain] c.n.c.sources.URLConfigurationSource     : No URLs will be polled as dynamic configuration sources.
2022-09-06 10:57:49.516  INFO 10336 --- [restartedMain] c.n.c.sources.URLConfigurationSource     : To enable URLs as dynamic configuration sources, define System property archaius.configurationSource.additionalUrls or make config.properties available on classpath.
2022-09-06 10:57:49.523  WARN 10336 --- [restartedMain] c.n.c.sources.URLConfigurationSource     : No URLs will be polled as dynamic configuration sources.
2022-09-06 10:57:49.523  INFO 10336 --- [restartedMain] c.n.c.sources.URLConfigurationSource     : To enable URLs as dynamic configuration sources, define System property archaius.configurationSource.additionalUrls or make config.properties available on classpath.
2022-09-06 10:57:49.618  INFO 10336 --- [restartedMain] o.s.s.concurrent.ThreadPoolTaskExecutor  : Initializing ExecutorService 'applicationTaskExecutor'
2022-09-06 10:57:49.661  INFO 10336 --- [restartedMain] o.s.b.d.a.OptionalLiveReloadServer       : LiveReload server is running on port 35729
2022-09-06 10:57:49.695  INFO 10336 --- [restartedMain] o.s.b.a.w.s.WelcomePageHandlerMapping    : Adding welcome page template: index
2022-09-06 10:57:50.221  INFO 10336 --- [restartedMain] o.s.s.c.ThreadPoolTaskScheduler          : Initializing ExecutorService 'Nacos-Watch-Task-Scheduler'
2022-09-06 10:57:50.977  INFO 10336 --- [restartedMain] c.a.n.p.a.s.c.ClientAuthPluginManager    : [ClientAuthPluginManager] Load ClientAuthService com.alibaba.nacos.client.auth.impl.NacosClientAuthServiceImpl success.
2022-09-06 10:57:50.977  INFO 10336 --- [restartedMain] c.a.n.p.a.s.c.ClientAuthPluginManager    : [ClientAuthPluginManager] Load ClientAuthService com.alibaba.nacos.client.auth.ram.RamClientAuthServiceImpl success.
2022-09-06 10:57:53.444  INFO 10336 --- [restartedMain] o.s.b.w.embedded.tomcat.TomcatWebServer  : Tomcat started on port(s): 8020 (http) with context path ''
2022-09-06 10:57:53.460  INFO 10336 --- [restartedMain] c.a.c.n.registry.NacosServiceRegistry    : nacos registry, DEFAULT_GROUP user-service 192.168.159.1:8020 register finished
2022-09-06 10:57:53.912  INFO 10336 --- [restartedMain] d.s.w.p.DocumentationPluginsBootstrapper : Context refreshed
2022-09-06 10:57:53.927  INFO 10336 --- [restartedMain] d.s.w.p.DocumentationPluginsBootstrapper : Found 2 custom documentation plugin(s)
2022-09-06 10:57:53.959  INFO 10336 --- [restartedMain] s.d.s.w.s.ApiListingReferenceScanner     : Scanning for api listing references
2022-09-06 10:57:54.034  INFO 10336 --- [restartedMain] .d.s.w.r.o.CachingOperationNameGenerator : Generating unique operation named: listAuthMenuUsingGET_1
2022-09-06 10:57:54.164  INFO 10336 --- [restartedMain] s.d.s.w.s.ApiListingReferenceScanner     : Scanning for api listing references
2022-09-06 10:57:54.166  INFO 10336 --- [restartedMain] .d.s.w.r.o.CachingOperationNameGenerator : Generating unique operation named: authUrlUsingGET_1
2022-09-06 10:57:54.169  INFO 10336 --- [restartedMain] .d.s.w.r.o.CachingOperationNameGenerator : Generating unique operation named: listAuthMenuUsingGET_2
2022-09-06 10:57:54.172  INFO 10336 --- [restartedMain] .d.s.w.r.o.CachingOperationNameGenerator : Generating unique operation named: listAuthMenuUsingGET_3
2022-09-06 10:57:54.174  INFO 10336 --- [restartedMain] .d.s.w.r.o.CachingOperationNameGenerator : Generating unique operation named: rawAuthMenuUsingGET_1
2022-09-06 10:57:54.175  INFO 10336 --- [restartedMain] .d.s.w.r.o.CachingOperationNameGenerator : Generating unique operation named: getPubKeyUsingGET_1
2022-09-06 10:57:54.175  INFO 10336 --- [restartedMain] .d.s.w.r.o.CachingOperationNameGenerator : Generating unique operation named: logOutUsingGET_1
2022-09-06 10:57:54.179  INFO 10336 --- [restartedMain] .d.s.w.r.o.CachingOperationNameGenerator : Generating unique operation named: loginAuthUsingPOST_1
2022-09-06 10:57:54.182  INFO 10336 --- [restartedMain] .d.s.w.r.o.CachingOperationNameGenerator : Generating unique operation named: addPermissionUsingPOST_1
2022-09-06 10:57:54.184  INFO 10336 --- [restartedMain] .d.s.w.r.o.CachingOperationNameGenerator : Generating unique operation named: deletePermissionByIdUsingPOST_1
2022-09-06 10:57:54.186  INFO 10336 --- [restartedMain] .d.s.w.r.o.CachingOperationNameGenerator : Generating unique operation named: listPermissionUsingGET_1
2022-09-06 10:57:54.188  INFO 10336 --- [restartedMain] .d.s.w.r.o.CachingOperationNameGenerator : Generating unique operation named: queryPermissionByIdUsingGET_1
2022-09-06 10:57:54.189  INFO 10336 --- [restartedMain] .d.s.w.r.o.CachingOperationNameGenerator : Generating unique operation named: treePermissionUsingGET_1
2022-09-06 10:57:54.191  INFO 10336 --- [restartedMain] .d.s.w.r.o.CachingOperationNameGenerator : Generating unique operation named: updatePermissionUsingPOST_1
2022-09-06 10:57:54.194  INFO 10336 --- [restartedMain] .d.s.w.r.o.CachingOperationNameGenerator : Generating unique operation named: addRoleUsingPOST_1
2022-09-06 10:57:54.196  INFO 10336 --- [restartedMain] .d.s.w.r.o.CachingOperationNameGenerator : Generating unique operation named: deleteRoleByIdUsingGET_1
2022-09-06 10:57:54.199  INFO 10336 --- [restartedMain] .d.s.w.r.o.CachingOperationNameGenerator : Generating unique operation named: listRoleUsingGET_1
2022-09-06 10:57:54.200  INFO 10336 --- [restartedMain] .d.s.w.r.o.CachingOperationNameGenerator : Generating unique operation named: queryRoleByIdUsingGET_1
2022-09-06 10:57:54.202  INFO 10336 --- [restartedMain] .d.s.w.r.o.CachingOperationNameGenerator : Generating unique operation named: updateRoleUsingPOST_1
2022-09-06 10:57:54.205  INFO 10336 --- [restartedMain] .d.s.w.r.o.CachingOperationNameGenerator : Generating unique operation named: addUsingPOST_1
2022-09-06 10:57:54.207  INFO 10336 --- [restartedMain] .d.s.w.r.o.CachingOperationNameGenerator : Generating unique operation named: deleteUsingDELETE_1
2022-09-06 10:57:54.209  INFO 10336 --- [restartedMain] .d.s.w.r.o.CachingOperationNameGenerator : Generating unique operation named: findUserByIdUsingGET_1
2022-09-06 10:57:54.214  INFO 10336 --- [restartedMain] .d.s.w.r.o.CachingOperationNameGenerator : Generating unique operation named: indexUsingPOST_1
2022-09-06 10:57:54.216  INFO 10336 --- [restartedMain] .d.s.w.r.o.CachingOperationNameGenerator : Generating unique operation named: listUserUsingGET_1
2022-09-06 10:57:54.220  INFO 10336 --- [restartedMain] .d.s.w.r.o.CachingOperationNameGenerator : Generating unique operation named: listUserByNameUsingPOST_1
2022-09-06 10:57:54.224  INFO 10336 --- [restartedMain] .d.s.w.r.o.CachingOperationNameGenerator : Generating unique operation named: permissionUsingGET_1
2022-09-06 10:57:54.226  INFO 10336 --- [restartedMain] .d.s.w.r.o.CachingOperationNameGenerator : Generating unique operation named: updateUsingPUT_1
2022-09-06 10:57:54.237  INFO 10336 --- [restartedMain] c.e.s.SpringbootMybatisApplication       : Started SpringbootMybatisApplication in 9.028 seconds (JVM running for 10.005)
2022-09-06 10:58:40.735  INFO 10336 --- [http-nio-8020-exec-1] o.a.c.c.C.[Tomcat].[localhost].[/]       : Initializing Spring DispatcherServlet 'dispatcherServlet'
2022-09-06 10:58:40.736  INFO 10336 --- [http-nio-8020-exec-1] o.s.web.servlet.DispatcherServlet        : Initializing Servlet 'dispatcherServlet'
2022-09-06 10:58:40.743  INFO 10336 --- [http-nio-8020-exec-1] o.s.web.servlet.DispatcherServlet        : Completed initialization in 7 ms
2022-09-06 10:58:40.948  INFO 10336 --- [http-nio-8020-exec-1] com.alibaba.druid.pool.DruidDataSource   : {dataSource-1} inited
2022-09-06 10:58:41.567 DEBUG 10336 --- [http-nio-8020-exec-1] c.e.s.dao.AuthDao.rawUserMenu            : ==>  Preparing: select g.name userName, h.* from (select * from mybatis.user WHERE createBy =null)g left join( select e.userID, f.* from mybatis.user_role e join( select c.name roleName, d.* from mybatis.role c join( select roleID, permissionID, permission, pid, url from mybatis.role_permission a join mybatis.permission b on a.permissionID = b.id where b.type = "菜单") d on c.id = d.roleID) f on e.roleID = f.roleID) h on g.id = h.userID where userID = ?
2022-09-06 10:58:41.585 DEBUG 10336 --- [http-nio-8020-exec-1] c.e.s.dao.AuthDao.rawUserMenu            : ==> Parameters: 13(Integer)
2022-09-06 10:58:41.633 DEBUG 10336 --- [http-nio-8020-exec-1] c.e.s.dao.AuthDao.rawUserMenu            : <==      Total: 0
2022-09-06 10:59:37.952 DEBUG 10336 --- [http-nio-8020-exec-6] c.e.s.dao.UserDao.queryUserById          : ==>  Preparing: select * from mybatis.user as a where a.id=?;
2022-09-06 10:59:37.953 DEBUG 10336 --- [http-nio-8020-exec-6] c.e.s.dao.UserDao.queryUserById          : ==> Parameters: 1(Integer)
2022-09-06 10:59:37.957 DEBUG 10336 --- [http-nio-8020-exec-6] c.e.s.dao.UserDao.queryUserById          : <==      Total: 1
2022-09-06 10:59:38.179 DEBUG 10336 --- [http-nio-8020-exec-6] c.e.s.dao.AuthDao.getRole                : ==>  Preparing: select b.* from mybatis.user_role a join mybatis.role b on a.roleId = b.id where a.userId = ?
2022-09-06 10:59:38.179 DEBUG 10336 --- [http-nio-8020-exec-6] c.e.s.dao.AuthDao.getRole                : ==> Parameters: 1(Integer)
2022-09-06 10:59:38.183 DEBUG 10336 --- [http-nio-8020-exec-6] c.e.s.dao.AuthDao.getRole                : <==      Total: 1
2022-09-06 10:59:41.765 DEBUG 10336 --- [http-nio-8020-exec-9] c.e.s.dao.AuthDao.rawUserMenu            : ==>  Preparing: select g.name userName, h.* from mybatis.user g left join( select e.userID, f.* from mybatis.user_role e join( select c.name roleName, d.* from mybatis.role c join( select roleID, permissionID, permission, pid, url from mybatis.role_permission a join mybatis.permission b on a.permissionID = b.id where b.type = "菜单") d on c.id = d.roleID) f on e.roleID = f.roleID) h on g.id = h.userID where userID = ?;
2022-09-06 10:59:41.766 DEBUG 10336 --- [http-nio-8020-exec-9] c.e.s.dao.AuthDao.rawUserMenu            : ==> Parameters: 1(Integer)
2022-09-06 10:59:41.771 DEBUG 10336 --- [http-nio-8020-exec-9] c.e.s.dao.AuthDao.rawUserMenu            : <==      Total: 4
2022-09-06 10:59:43.435 DEBUG 10336 --- [http-nio-8020-exec-10] c.e.s.dao.AuthDao.authUrl                : ==>  Preparing: select g.name userName, h.* from mybatis.user g left join( select e.userID, f.* from mybatis.user_role e join( select c.name roleName, d.* from mybatis.role c join( select roleID, permissionID, permission, pid, url from mybatis.role_permission a join mybatis.permission b on a.permissionID = b.id) d on c.id = d.roleID) f on e.roleID = f.roleID) h on g.id = h.userID where userID = ?;
2022-09-06 10:59:43.436 DEBUG 10336 --- [http-nio-8020-exec-10] c.e.s.dao.AuthDao.authUrl                : ==> Parameters: 1(Integer)
2022-09-06 10:59:43.440 DEBUG 10336 --- [http-nio-8020-exec-10] c.e.s.dao.AuthDao.authUrl                : <==      Total: 12
2022-09-06 10:59:43.458 DEBUG 10336 --- [http-nio-8020-exec-10] c.e.s.dao.RoleDao.queryRoleByName        : ==>  Preparing: select * from mybatis.role as a where a.name=?;
2022-09-06 10:59:43.460 DEBUG 10336 --- [http-nio-8020-exec-10] c.e.s.dao.RoleDao.queryRoleByName        : ==> Parameters: 超级管理员(String)
2022-09-06 10:59:43.461 DEBUG 10336 --- [http-nio-8020-exec-10] c.e.s.dao.RoleDao.queryRoleByName        : <==      Total: 1
2022-09-06 10:59:43.483 DEBUG 10336 --- [http-nio-8020-exec-10] c.e.s.dao.UserDao.listUserByName         : ==>  Preparing: select * from mybatis.user as a
2022-09-06 10:59:43.483 DEBUG 10336 --- [http-nio-8020-exec-10] c.e.s.dao.UserDao.listUserByName         : ==> Parameters: 
2022-09-06 10:59:43.486 DEBUG 10336 --- [http-nio-8020-exec-10] c.e.s.dao.UserDao.listUserByName         : <==      Total: 11
2022-09-06 10:59:43.496 DEBUG 10336 --- [http-nio-8020-exec-10] c.e.s.dao.UserDao.listUserByName_COUNT   : ==>  Preparing: SELECT count(0) FROM mybatis.user AS a
2022-09-06 10:59:43.496 DEBUG 10336 --- [http-nio-8020-exec-10] c.e.s.dao.UserDao.listUserByName_COUNT   : ==> Parameters: 
2022-09-06 10:59:43.500 DEBUG 10336 --- [http-nio-8020-exec-10] c.e.s.dao.UserDao.listUserByName_COUNT   : <==      Total: 1
2022-09-06 10:59:43.501 DEBUG 10336 --- [http-nio-8020-exec-10] c.e.s.dao.UserDao.listUserByName         : ==>  Preparing: select * from mybatis.user as a LIMIT ?
2022-09-06 10:59:43.502 DEBUG 10336 --- [http-nio-8020-exec-10] c.e.s.dao.UserDao.listUserByName         : ==> Parameters: 3(Integer)
2022-09-06 10:59:43.504 DEBUG 10336 --- [http-nio-8020-exec-10] c.e.s.dao.UserDao.listUserByName         : <==      Total: 3
2022-09-06 10:59:55.232 DEBUG 10336 --- [http-nio-8020-exec-1] c.e.s.dao.AuthDao.authUrl                : ==>  Preparing: select g.name userName, h.* from mybatis.user g left join( select e.userID, f.* from mybatis.user_role e join( select c.name roleName, d.* from mybatis.role c join( select roleID, permissionID, permission, pid, url from mybatis.role_permission a join mybatis.permission b on a.permissionID = b.id) d on c.id = d.roleID) f on e.roleID = f.roleID) h on g.id = h.userID where userID = ?;
2022-09-06 10:59:55.233 DEBUG 10336 --- [http-nio-8020-exec-1] c.e.s.dao.AuthDao.authUrl                : ==> Parameters: 1(Integer)
2022-09-06 10:59:55.240 DEBUG 10336 --- [http-nio-8020-exec-1] c.e.s.dao.AuthDao.authUrl                : <==      Total: 12
2022-09-06 10:59:55.253 DEBUG 10336 --- [http-nio-8020-exec-1] c.e.s.dao.RoleDao.queryRoleByName        : ==>  Preparing: select * from mybatis.role as a where a.name=?;
2022-09-06 10:59:55.254 DEBUG 10336 --- [http-nio-8020-exec-1] c.e.s.dao.RoleDao.queryRoleByName        : ==> Parameters: 超级管理员(String)
2022-09-06 10:59:55.256 DEBUG 10336 --- [http-nio-8020-exec-1] c.e.s.dao.RoleDao.queryRoleByName        : <==      Total: 1
2022-09-06 10:59:55.257 DEBUG 10336 --- [http-nio-8020-exec-1] c.e.s.dao.UserDao.listUserByName         : ==>  Preparing: select * from mybatis.user as a
2022-09-06 10:59:55.258 DEBUG 10336 --- [http-nio-8020-exec-1] c.e.s.dao.UserDao.listUserByName         : ==> Parameters: 
2022-09-06 10:59:55.261 DEBUG 10336 --- [http-nio-8020-exec-1] c.e.s.dao.UserDao.listUserByName         : <==      Total: 11
2022-09-06 10:59:55.263 DEBUG 10336 --- [http-nio-8020-exec-1] c.e.s.dao.UserDao.listUserByName_COUNT   : ==>  Preparing: SELECT count(0) FROM mybatis.user AS a
2022-09-06 10:59:55.263 DEBUG 10336 --- [http-nio-8020-exec-1] c.e.s.dao.UserDao.listUserByName_COUNT   : ==> Parameters: 
2022-09-06 10:59:55.265 DEBUG 10336 --- [http-nio-8020-exec-1] c.e.s.dao.UserDao.listUserByName_COUNT   : <==      Total: 1
2022-09-06 10:59:55.266 DEBUG 10336 --- [http-nio-8020-exec-1] c.e.s.dao.UserDao.listUserByName         : ==>  Preparing: select * from mybatis.user as a LIMIT ?, ?
2022-09-06 10:59:55.266 DEBUG 10336 --- [http-nio-8020-exec-1] c.e.s.dao.UserDao.listUserByName         : ==> Parameters: 3(Long), 3(Integer)
2022-09-06 10:59:55.267 DEBUG 10336 --- [http-nio-8020-exec-1] c.e.s.dao.UserDao.listUserByName         : <==      Total: 3
2022-09-06 10:59:57.133 DEBUG 10336 --- [http-nio-8020-exec-4] c.e.s.dao.AuthDao.authUrl                : ==>  Preparing: select g.name userName, h.* from mybatis.user g left join( select e.userID, f.* from mybatis.user_role e join( select c.name roleName, d.* from mybatis.role c join( select roleID, permissionID, permission, pid, url from mybatis.role_permission a join mybatis.permission b on a.permissionID = b.id) d on c.id = d.roleID) f on e.roleID = f.roleID) h on g.id = h.userID where userID = ?;
2022-09-06 10:59:57.133 DEBUG 10336 --- [http-nio-8020-exec-4] c.e.s.dao.AuthDao.authUrl                : ==> Parameters: 1(Integer)
2022-09-06 10:59:57.137 DEBUG 10336 --- [http-nio-8020-exec-4] c.e.s.dao.AuthDao.authUrl                : <==      Total: 12
2022-09-06 10:59:57.149 DEBUG 10336 --- [http-nio-8020-exec-4] c.e.s.dao.RoleDao.queryRoleByName        : ==>  Preparing: select * from mybatis.role as a where a.name=?;
2022-09-06 10:59:57.150 DEBUG 10336 --- [http-nio-8020-exec-4] c.e.s.dao.RoleDao.queryRoleByName        : ==> Parameters: 超级管理员(String)
2022-09-06 10:59:57.152 DEBUG 10336 --- [http-nio-8020-exec-4] c.e.s.dao.RoleDao.queryRoleByName        : <==      Total: 1
2022-09-06 10:59:57.153 DEBUG 10336 --- [http-nio-8020-exec-4] c.e.s.dao.UserDao.listUserByName         : ==>  Preparing: select * from mybatis.user as a
2022-09-06 10:59:57.154 DEBUG 10336 --- [http-nio-8020-exec-4] c.e.s.dao.UserDao.listUserByName         : ==> Parameters: 
2022-09-06 10:59:57.156 DEBUG 10336 --- [http-nio-8020-exec-4] c.e.s.dao.UserDao.listUserByName         : <==      Total: 11
2022-09-06 10:59:57.157 DEBUG 10336 --- [http-nio-8020-exec-4] c.e.s.dao.UserDao.listUserByName_COUNT   : ==>  Preparing: SELECT count(0) FROM mybatis.user AS a
2022-09-06 10:59:57.157 DEBUG 10336 --- [http-nio-8020-exec-4] c.e.s.dao.UserDao.listUserByName_COUNT   : ==> Parameters: 
2022-09-06 10:59:57.159 DEBUG 10336 --- [http-nio-8020-exec-4] c.e.s.dao.UserDao.listUserByName_COUNT   : <==      Total: 1
2022-09-06 10:59:57.160 DEBUG 10336 --- [http-nio-8020-exec-4] c.e.s.dao.UserDao.listUserByName         : ==>  Preparing: select * from mybatis.user as a LIMIT ?
2022-09-06 10:59:57.160 DEBUG 10336 --- [http-nio-8020-exec-4] c.e.s.dao.UserDao.listUserByName         : ==> Parameters: 3(Integer)
2022-09-06 10:59:57.161 DEBUG 10336 --- [http-nio-8020-exec-4] c.e.s.dao.UserDao.listUserByName         : <==      Total: 3
2022-09-06 11:36:59.369  WARN 10336 --- [Thread-22] c.a.nacos.common.notify.NotifyCenter     : [NotifyCenter] Start destroying Publisher
2022-09-06 11:36:59.369  WARN 10336 --- [Thread-25] c.a.n.common.http.HttpClientBeanHolder   : [HttpClientBeanHolder] Start destroying common HttpClient
2022-09-06 11:36:59.369  WARN 10336 --- [Thread-22] c.a.nacos.common.notify.NotifyCenter     : [NotifyCenter] Destruction of the end
2022-09-06 11:36:59.370  WARN 10336 --- [Thread-25] c.a.n.common.http.HttpClientBeanHolder   : [HttpClientBeanHolder] Destruction of the end
2022-09-06 11:36:59.636  INFO 10336 --- [SpringContextShutdownHook] o.s.s.c.ThreadPoolTaskScheduler          : Shutting down ExecutorService 'Nacos-Watch-Task-Scheduler'
2022-09-06 11:36:59.644  INFO 10336 --- [SpringContextShutdownHook] c.a.c.n.registry.NacosServiceRegistry    : De-registering from Nacos Server now...
2022-09-06 11:36:59.648  INFO 10336 --- [SpringContextShutdownHook] c.a.c.n.registry.NacosServiceRegistry    : De-registration finished.
2022-09-06 11:36:59.992  INFO 10336 --- [SpringContextShutdownHook] o.s.s.concurrent.ThreadPoolTaskExecutor  : Shutting down ExecutorService 'applicationTaskExecutor'
2022-09-06 11:37:00.000  INFO 10336 --- [SpringContextShutdownHook] com.alibaba.druid.pool.DruidDataSource   : {dataSource-1} closing ...
2022-09-06 11:37:00.003  INFO 10336 --- [SpringContextShutdownHook] com.alibaba.druid.pool.DruidDataSource   : {dataSource-1} closed
2022-09-06 11:37:07.742  INFO 16588 --- [restartedMain] c.e.s.SpringbootMybatisApplication       : The following profiles are active: dev
2022-09-06 11:37:08.380  INFO 16588 --- [restartedMain] .s.d.r.c.RepositoryConfigurationDelegate : Multiple Spring Data modules found, entering strict repository configuration mode!
2022-09-06 11:37:08.382  INFO 16588 --- [restartedMain] .s.d.r.c.RepositoryConfigurationDelegate : Bootstrapping Spring Data Redis repositories in DEFAULT mode.
2022-09-06 11:37:08.404  INFO 16588 --- [restartedMain] .s.d.r.c.RepositoryConfigurationDelegate : Finished Spring Data repository scanning in 10ms. Found 0 Redis repository interfaces.
2022-09-06 11:37:08.568  INFO 16588 --- [restartedMain] o.s.cloud.context.scope.GenericScope     : BeanFactory id=b40d4ccc-e716-3892-860e-08fb2b3337e6
2022-09-06 11:37:08.711  INFO 16588 --- [restartedMain] trationDelegate$BeanPostProcessorChecker : Bean 'redisConfig' of type [com.example.springbootmybatis.config.RedisConfig$$EnhancerBySpringCGLIB$$716ee002] is not eligible for getting processed by all BeanPostProcessors (for example: not eligible for auto-proxying)
2022-09-06 11:37:09.068  INFO 16588 --- [restartedMain] o.s.b.w.embedded.tomcat.TomcatWebServer  : Tomcat initialized with port(s): 8020 (http)
2022-09-06 11:37:09.075  INFO 16588 --- [restartedMain] o.apache.catalina.core.StandardService   : Starting service [Tomcat]
2022-09-06 11:37:09.075  INFO 16588 --- [restartedMain] org.apache.catalina.core.StandardEngine  : Starting Servlet engine: [Apache Tomcat/9.0.46]
2022-09-06 11:37:09.226  INFO 16588 --- [restartedMain] o.a.c.c.C.[Tomcat].[localhost].[/]       : Initializing Spring embedded WebApplicationContext
2022-09-06 11:37:09.226  INFO 16588 --- [restartedMain] w.s.c.ServletWebServerApplicationContext : Root WebApplicationContext: initialization completed in 1473 ms
2022-09-06 11:37:10.045  INFO 16588 --- [restartedMain] pertySourcedRequestMappingHandlerMapping : Mapped URL path [/v2/api-docs] onto method [springfox.documentation.swagger2.web.Swagger2Controller#getDocumentation(String, HttpServletRequest)]
2022-09-06 11:37:10.063  WARN 16588 --- [restartedMain] c.n.c.sources.URLConfigurationSource     : No URLs will be polled as dynamic configuration sources.
2022-09-06 11:37:10.064  INFO 16588 --- [restartedMain] c.n.c.sources.URLConfigurationSource     : To enable URLs as dynamic configuration sources, define System property archaius.configurationSource.additionalUrls or make config.properties available on classpath.
2022-09-06 11:37:10.066  WARN 16588 --- [restartedMain] c.n.c.sources.URLConfigurationSource     : No URLs will be polled as dynamic configuration sources.
2022-09-06 11:37:10.067  INFO 16588 --- [restartedMain] c.n.c.sources.URLConfigurationSource     : To enable URLs as dynamic configuration sources, define System property archaius.configurationSource.additionalUrls or make config.properties available on classpath.
2022-09-06 11:37:10.152  INFO 16588 --- [restartedMain] o.s.s.concurrent.ThreadPoolTaskExecutor  : Initializing ExecutorService 'applicationTaskExecutor'
2022-09-06 11:37:10.189  INFO 16588 --- [restartedMain] o.s.b.d.a.OptionalLiveReloadServer       : LiveReload server is running on port 35729
2022-09-06 11:37:10.221  INFO 16588 --- [restartedMain] o.s.b.a.w.s.WelcomePageHandlerMapping    : Adding welcome page template: index
2022-09-06 11:37:10.719  INFO 16588 --- [restartedMain] o.s.s.c.ThreadPoolTaskScheduler          : Initializing ExecutorService 'Nacos-Watch-Task-Scheduler'
2022-09-06 11:37:11.416  INFO 16588 --- [restartedMain] c.a.n.p.a.s.c.ClientAuthPluginManager    : [ClientAuthPluginManager] Load ClientAuthService com.alibaba.nacos.client.auth.impl.NacosClientAuthServiceImpl success.
2022-09-06 11:37:11.417  INFO 16588 --- [restartedMain] c.a.n.p.a.s.c.ClientAuthPluginManager    : [ClientAuthPluginManager] Load ClientAuthService com.alibaba.nacos.client.auth.ram.RamClientAuthServiceImpl success.
2022-09-06 11:37:13.321  INFO 16588 --- [restartedMain] o.s.b.w.embedded.tomcat.TomcatWebServer  : Tomcat started on port(s): 8020 (http) with context path ''
2022-09-06 11:37:13.330  INFO 16588 --- [restartedMain] c.a.c.n.registry.NacosServiceRegistry    : nacos registry, DEFAULT_GROUP user-service 192.168.159.1:8020 register finished
2022-09-06 11:37:13.779  INFO 16588 --- [restartedMain] d.s.w.p.DocumentationPluginsBootstrapper : Context refreshed
2022-09-06 11:37:13.788  INFO 16588 --- [restartedMain] d.s.w.p.DocumentationPluginsBootstrapper : Found 2 custom documentation plugin(s)
2022-09-06 11:37:13.817  INFO 16588 --- [restartedMain] s.d.s.w.s.ApiListingReferenceScanner     : Scanning for api listing references
2022-09-06 11:37:13.885  INFO 16588 --- [restartedMain] .d.s.w.r.o.CachingOperationNameGenerator : Generating unique operation named: listAuthMenuUsingGET_1
2022-09-06 11:37:14.007  INFO 16588 --- [restartedMain] s.d.s.w.s.ApiListingReferenceScanner     : Scanning for api listing references
2022-09-06 11:37:14.010  INFO 16588 --- [restartedMain] .d.s.w.r.o.CachingOperationNameGenerator : Generating unique operation named: authUrlUsingGET_1
2022-09-06 11:37:14.012  INFO 16588 --- [restartedMain] .d.s.w.r.o.CachingOperationNameGenerator : Generating unique operation named: listAuthMenuUsingGET_2
2022-09-06 11:37:14.016  INFO 16588 --- [restartedMain] .d.s.w.r.o.CachingOperationNameGenerator : Generating unique operation named: listAuthMenuUsingGET_3
2022-09-06 11:37:14.018  INFO 16588 --- [restartedMain] .d.s.w.r.o.CachingOperationNameGenerator : Generating unique operation named: rawAuthMenuUsingGET_1
2022-09-06 11:37:14.020  INFO 16588 --- [restartedMain] .d.s.w.r.o.CachingOperationNameGenerator : Generating unique operation named: getPubKeyUsingGET_1
2022-09-06 11:37:14.021  INFO 16588 --- [restartedMain] .d.s.w.r.o.CachingOperationNameGenerator : Generating unique operation named: logOutUsingGET_1
2022-09-06 11:37:14.025  INFO 16588 --- [restartedMain] .d.s.w.r.o.CachingOperationNameGenerator : Generating unique operation named: loginAuthUsingPOST_1
2022-09-06 11:37:14.028  INFO 16588 --- [restartedMain] .d.s.w.r.o.CachingOperationNameGenerator : Generating unique operation named: addPermissionUsingPOST_1
2022-09-06 11:37:14.030  INFO 16588 --- [restartedMain] .d.s.w.r.o.CachingOperationNameGenerator : Generating unique operation named: deletePermissionByIdUsingPOST_1
2022-09-06 11:37:14.033  INFO 16588 --- [restartedMain] .d.s.w.r.o.CachingOperationNameGenerator : Generating unique operation named: listPermissionUsingGET_1
2022-09-06 11:37:14.036  INFO 16588 --- [restartedMain] .d.s.w.r.o.CachingOperationNameGenerator : Generating unique operation named: queryPermissionByIdUsingGET_1
2022-09-06 11:37:14.037  INFO 16588 --- [restartedMain] .d.s.w.r.o.CachingOperationNameGenerator : Generating unique operation named: treePermissionUsingGET_1
2022-09-06 11:37:14.039  INFO 16588 --- [restartedMain] .d.s.w.r.o.CachingOperationNameGenerator : Generating unique operation named: updatePermissionUsingPOST_1
2022-09-06 11:37:14.042  INFO 16588 --- [restartedMain] .d.s.w.r.o.CachingOperationNameGenerator : Generating unique operation named: addRoleUsingPOST_1
2022-09-06 11:37:14.044  INFO 16588 --- [restartedMain] .d.s.w.r.o.CachingOperationNameGenerator : Generating unique operation named: deleteRoleByIdUsingGET_1
2022-09-06 11:37:14.046  INFO 16588 --- [restartedMain] .d.s.w.r.o.CachingOperationNameGenerator : Generating unique operation named: listRoleUsingGET_1
2022-09-06 11:37:14.048  INFO 16588 --- [restartedMain] .d.s.w.r.o.CachingOperationNameGenerator : Generating unique operation named: queryRoleByIdUsingGET_1
2022-09-06 11:37:14.050  INFO 16588 --- [restartedMain] .d.s.w.r.o.CachingOperationNameGenerator : Generating unique operation named: updateRoleUsingPOST_1
2022-09-06 11:37:14.054  INFO 16588 --- [restartedMain] .d.s.w.r.o.CachingOperationNameGenerator : Generating unique operation named: addUsingPOST_1
2022-09-06 11:37:14.055  INFO 16588 --- [restartedMain] .d.s.w.r.o.CachingOperationNameGenerator : Generating unique operation named: deleteUsingDELETE_1
2022-09-06 11:37:14.057  INFO 16588 --- [restartedMain] .d.s.w.r.o.CachingOperationNameGenerator : Generating unique operation named: findUserByIdUsingGET_1
2022-09-06 11:37:14.062  INFO 16588 --- [restartedMain] .d.s.w.r.o.CachingOperationNameGenerator : Generating unique operation named: indexUsingPOST_1
2022-09-06 11:37:14.064  INFO 16588 --- [restartedMain] .d.s.w.r.o.CachingOperationNameGenerator : Generating unique operation named: listUserUsingGET_1
2022-09-06 11:37:14.066  INFO 16588 --- [restartedMain] .d.s.w.r.o.CachingOperationNameGenerator : Generating unique operation named: permissionUsingGET_1
2022-09-06 11:37:14.068  INFO 16588 --- [restartedMain] .d.s.w.r.o.CachingOperationNameGenerator : Generating unique operation named: updateUsingPUT_1
2022-09-06 11:37:14.076  INFO 16588 --- [restartedMain] c.e.s.SpringbootMybatisApplication       : Started SpringbootMybatisApplication in 7.871 seconds (JVM running for 8.738)
2022-09-06 11:37:19.782  INFO 16588 --- [http-nio-8020-exec-1] o.a.c.c.C.[Tomcat].[localhost].[/]       : Initializing Spring DispatcherServlet 'dispatcherServlet'
2022-09-06 11:37:19.783  INFO 16588 --- [http-nio-8020-exec-1] o.s.web.servlet.DispatcherServlet        : Initializing Servlet 'dispatcherServlet'
2022-09-06 11:37:19.790  INFO 16588 --- [http-nio-8020-exec-1] o.s.web.servlet.DispatcherServlet        : Completed initialization in 7 ms
2022-09-06 11:37:19.935  INFO 16588 --- [http-nio-8020-exec-1] com.alibaba.druid.pool.DruidDataSource   : {dataSource-1} inited
2022-09-06 11:37:20.418 DEBUG 16588 --- [http-nio-8020-exec-1] c.e.s.dao.AuthDao.rawUserMenu            : ==>  Preparing: select g.name userName, h.* from mybatis.user g left join( select e.userID, f.* from mybatis.user_role e join( select c.name roleName, d.* from mybatis.role c join( select roleID, permissionID, permission, pid, url from mybatis.role_permission a join mybatis.permission b on a.permissionID = b.id where b.type = "菜单") d on c.id = d.roleID) f on e.roleID = f.roleID) h on g.id = h.userID where userID = ?;
2022-09-06 11:37:20.433 DEBUG 16588 --- [http-nio-8020-exec-1] c.e.s.dao.AuthDao.rawUserMenu            : ==> Parameters: 1(Integer)
2022-09-06 11:37:20.452 DEBUG 16588 --- [http-nio-8020-exec-1] c.e.s.dao.AuthDao.rawUserMenu            : <==      Total: 4
2022-09-06 11:37:21.413 DEBUG 16588 --- [http-nio-8020-exec-3] c.e.s.dao.AuthDao.authUrl                : ==>  Preparing: select g.name userName, h.* from mybatis.user g left join( select e.userID, f.* from mybatis.user_role e join( select c.name roleName, d.* from mybatis.role c join( select roleID, permissionID, permission, pid, url from mybatis.role_permission a join mybatis.permission b on a.permissionID = b.id) d on c.id = d.roleID) f on e.roleID = f.roleID) h on g.id = h.userID where userID = ?;
2022-09-06 11:37:21.413 DEBUG 16588 --- [http-nio-8020-exec-3] c.e.s.dao.AuthDao.authUrl                : ==> Parameters: 1(Integer)
2022-09-06 11:37:21.418 DEBUG 16588 --- [http-nio-8020-exec-3] c.e.s.dao.AuthDao.authUrl                : <==      Total: 12
2022-09-06 11:37:21.440 DEBUG 16588 --- [http-nio-8020-exec-3] c.e.s.dao.RoleDao.queryRoleByName        : ==>  Preparing: select * from mybatis.role as a where a.name=?;
2022-09-06 11:37:21.440 DEBUG 16588 --- [http-nio-8020-exec-3] c.e.s.dao.RoleDao.queryRoleByName        : ==> Parameters: 超级管理员(String)
2022-09-06 11:37:21.442 DEBUG 16588 --- [http-nio-8020-exec-3] c.e.s.dao.RoleDao.queryRoleByName        : <==      Total: 1
2022-09-06 11:37:21.456 DEBUG 16588 --- [http-nio-8020-exec-3] c.e.s.dao.UserDao.listUserByName         : ==>  Preparing: select * from mybatis.user as a
2022-09-06 11:37:21.456 DEBUG 16588 --- [http-nio-8020-exec-3] c.e.s.dao.UserDao.listUserByName         : ==> Parameters: 
2022-09-06 11:37:21.460 DEBUG 16588 --- [http-nio-8020-exec-3] c.e.s.dao.UserDao.listUserByName         : <==      Total: 11
2022-09-06 11:37:21.493 DEBUG 16588 --- [http-nio-8020-exec-3] c.e.s.dao.UserDao.listUserByName_COUNT   : ==>  Preparing: SELECT count(0) FROM mybatis.user AS a
2022-09-06 11:37:21.494 DEBUG 16588 --- [http-nio-8020-exec-3] c.e.s.dao.UserDao.listUserByName_COUNT   : ==> Parameters: 
2022-09-06 11:37:21.497 DEBUG 16588 --- [http-nio-8020-exec-3] c.e.s.dao.UserDao.listUserByName_COUNT   : <==      Total: 1
2022-09-06 11:37:21.500 DEBUG 16588 --- [http-nio-8020-exec-3] c.e.s.dao.UserDao.listUserByName         : ==>  Preparing: select * from mybatis.user as a LIMIT ?
2022-09-06 11:37:21.500 DEBUG 16588 --- [http-nio-8020-exec-3] c.e.s.dao.UserDao.listUserByName         : ==> Parameters: 3(Integer)
2022-09-06 11:37:21.502 DEBUG 16588 --- [http-nio-8020-exec-3] c.e.s.dao.UserDao.listUserByName         : <==      Total: 3
2022-09-06 11:37:25.917 DEBUG 16588 --- [http-nio-8020-exec-4] c.e.s.dao.AuthDao.authUrl                : ==>  Preparing: select g.name userName, h.* from mybatis.user g left join( select e.userID, f.* from mybatis.user_role e join( select c.name roleName, d.* from mybatis.role c join( select roleID, permissionID, permission, pid, url from mybatis.role_permission a join mybatis.permission b on a.permissionID = b.id) d on c.id = d.roleID) f on e.roleID = f.roleID) h on g.id = h.userID where userID = ?;
2022-09-06 11:37:25.917 DEBUG 16588 --- [http-nio-8020-exec-4] c.e.s.dao.AuthDao.authUrl                : ==> Parameters: 1(Integer)
2022-09-06 11:37:25.919 DEBUG 16588 --- [http-nio-8020-exec-4] c.e.s.dao.AuthDao.authUrl                : <==      Total: 12
2022-09-06 11:37:25.927 DEBUG 16588 --- [http-nio-8020-exec-4] c.e.s.dao.RoleDao.queryRoleByName        : ==>  Preparing: select * from mybatis.role as a where a.name=?;
2022-09-06 11:37:25.927 DEBUG 16588 --- [http-nio-8020-exec-4] c.e.s.dao.RoleDao.queryRoleByName        : ==> Parameters: 超级管理员(String)
2022-09-06 11:37:25.928 DEBUG 16588 --- [http-nio-8020-exec-4] c.e.s.dao.RoleDao.queryRoleByName        : <==      Total: 1
2022-09-06 11:37:25.929 DEBUG 16588 --- [http-nio-8020-exec-4] c.e.s.dao.UserDao.listUserByName         : ==>  Preparing: select * from mybatis.user as a
2022-09-06 11:37:25.929 DEBUG 16588 --- [http-nio-8020-exec-4] c.e.s.dao.UserDao.listUserByName         : ==> Parameters: 
2022-09-06 11:37:25.933 DEBUG 16588 --- [http-nio-8020-exec-4] c.e.s.dao.UserDao.listUserByName         : <==      Total: 11
2022-09-06 11:37:25.934 DEBUG 16588 --- [http-nio-8020-exec-4] c.e.s.dao.UserDao.listUserByName_COUNT   : ==>  Preparing: SELECT count(0) FROM mybatis.user AS a
2022-09-06 11:37:25.934 DEBUG 16588 --- [http-nio-8020-exec-4] c.e.s.dao.UserDao.listUserByName_COUNT   : ==> Parameters: 
2022-09-06 11:37:25.936 DEBUG 16588 --- [http-nio-8020-exec-4] c.e.s.dao.UserDao.listUserByName_COUNT   : <==      Total: 1
2022-09-06 11:37:25.937 DEBUG 16588 --- [http-nio-8020-exec-4] c.e.s.dao.UserDao.listUserByName         : ==>  Preparing: select * from mybatis.user as a LIMIT ?, ?
2022-09-06 11:37:25.938 DEBUG 16588 --- [http-nio-8020-exec-4] c.e.s.dao.UserDao.listUserByName         : ==> Parameters: 3(Long), 3(Integer)
2022-09-06 11:37:25.938 DEBUG 16588 --- [http-nio-8020-exec-4] c.e.s.dao.UserDao.listUserByName         : <==      Total: 3
2022-09-06 11:37:27.732 DEBUG 16588 --- [http-nio-8020-exec-5] c.e.s.dao.AuthDao.authUrl                : ==>  Preparing: select g.name userName, h.* from mybatis.user g left join( select e.userID, f.* from mybatis.user_role e join( select c.name roleName, d.* from mybatis.role c join( select roleID, permissionID, permission, pid, url from mybatis.role_permission a join mybatis.permission b on a.permissionID = b.id) d on c.id = d.roleID) f on e.roleID = f.roleID) h on g.id = h.userID where userID = ?;
2022-09-06 11:37:27.732 DEBUG 16588 --- [http-nio-8020-exec-5] c.e.s.dao.AuthDao.authUrl                : ==> Parameters: 1(Integer)
2022-09-06 11:37:27.734 DEBUG 16588 --- [http-nio-8020-exec-5] c.e.s.dao.AuthDao.authUrl                : <==      Total: 12
2022-09-06 11:37:27.743 DEBUG 16588 --- [http-nio-8020-exec-5] c.e.s.dao.RoleDao.queryRoleByName        : ==>  Preparing: select * from mybatis.role as a where a.name=?;
2022-09-06 11:37:27.743 DEBUG 16588 --- [http-nio-8020-exec-5] c.e.s.dao.RoleDao.queryRoleByName        : ==> Parameters: 超级管理员(String)
2022-09-06 11:37:27.744 DEBUG 16588 --- [http-nio-8020-exec-5] c.e.s.dao.RoleDao.queryRoleByName        : <==      Total: 1
2022-09-06 11:37:27.745 DEBUG 16588 --- [http-nio-8020-exec-5] c.e.s.dao.UserDao.listUserByName         : ==>  Preparing: select * from mybatis.user as a
2022-09-06 11:37:27.746 DEBUG 16588 --- [http-nio-8020-exec-5] c.e.s.dao.UserDao.listUserByName         : ==> Parameters: 
2022-09-06 11:37:27.748 DEBUG 16588 --- [http-nio-8020-exec-5] c.e.s.dao.UserDao.listUserByName         : <==      Total: 11
2022-09-06 11:37:27.749 DEBUG 16588 --- [http-nio-8020-exec-5] c.e.s.dao.UserDao.listUserByName_COUNT   : ==>  Preparing: SELECT count(0) FROM mybatis.user AS a
2022-09-06 11:37:27.749 DEBUG 16588 --- [http-nio-8020-exec-5] c.e.s.dao.UserDao.listUserByName_COUNT   : ==> Parameters: 
2022-09-06 11:37:27.751 DEBUG 16588 --- [http-nio-8020-exec-5] c.e.s.dao.UserDao.listUserByName_COUNT   : <==      Total: 1
2022-09-06 11:37:27.752 DEBUG 16588 --- [http-nio-8020-exec-5] c.e.s.dao.UserDao.listUserByName         : ==>  Preparing: select * from mybatis.user as a LIMIT ?
2022-09-06 11:37:27.752 DEBUG 16588 --- [http-nio-8020-exec-5] c.e.s.dao.UserDao.listUserByName         : ==> Parameters: 3(Integer)
2022-09-06 11:37:27.754 DEBUG 16588 --- [http-nio-8020-exec-5] c.e.s.dao.UserDao.listUserByName         : <==      Total: 3
2022-09-06 11:39:06.715  WARN 16588 --- [http-nio-8020-exec-8] c.a.druid.pool.DruidAbstractDataSource   : discard long time none received connection. , jdbcUrl : jdbc:mysql://localhost:3306/mybatis?useUnicode=true&characterEncoding=utf-8&serverTimezone=GMT, version : 1.2.4, lastPacketReceivedIdleMillis : 98954
2022-09-06 11:39:06.728 DEBUG 16588 --- [http-nio-8020-exec-8] c.e.s.dao.UserDao.queryUserById          : ==>  Preparing: select * from mybatis.user as a where a.id=?;
2022-09-06 11:39:06.729 DEBUG 16588 --- [http-nio-8020-exec-8] c.e.s.dao.UserDao.queryUserById          : ==> Parameters: 3(Integer)
2022-09-06 11:39:06.733 DEBUG 16588 --- [http-nio-8020-exec-8] c.e.s.dao.UserDao.queryUserById          : <==      Total: 1
2022-09-06 11:39:06.757 DEBUG 16588 --- [http-nio-8020-exec-8] c.e.s.dao.AuthDao.getRole                : ==>  Preparing: select b.* from mybatis.user_role a join mybatis.role b on a.roleId = b.id where a.userId = ?
2022-09-06 11:39:06.757 DEBUG 16588 --- [http-nio-8020-exec-8] c.e.s.dao.AuthDao.getRole                : ==> Parameters: 3(Integer)
2022-09-06 11:39:06.758 DEBUG 16588 --- [http-nio-8020-exec-8] c.e.s.dao.AuthDao.getRole                : <==      Total: 1
2022-09-06 11:39:59.395 DEBUG 16588 --- [http-nio-8020-exec-2] c.e.s.dao.AuthDao.authUrl                : ==>  Preparing: select g.name userName, h.* from (select * from mybatis.user WHERE createBy =3)g left join( select e.userID, f.* from mybatis.user_role e join( select c.name roleName, d.* from mybatis.role c join( select roleID, permissionID, permission, pid, url from mybatis.role_permission a join mybatis.permission b on a.permissionID = b.id) d on c.id = d.roleID) f on e.roleID = f.roleID) h on g.id = h.userID where userID = ?
2022-09-06 11:39:59.396 DEBUG 16588 --- [http-nio-8020-exec-2] c.e.s.dao.AuthDao.authUrl                : ==> Parameters: 3(Integer)
2022-09-06 11:39:59.398 DEBUG 16588 --- [http-nio-8020-exec-2] c.e.s.dao.AuthDao.authUrl                : <==      Total: 6
2022-09-06 11:39:59.398 DEBUG 16588 --- [http-nio-8020-exec-2] c.e.s.service.ServiceAspect              : 用户id获取,argNames[i]=id
2022-09-06 11:39:59.398 DEBUG 16588 --- [http-nio-8020-exec-2] c.e.s.service.ServiceAspect              : 校验用户授权信息:id=3,resource=user
2022-09-06 11:39:59.405 DEBUG 16588 --- [http-nio-8020-exec-2] c.e.s.d.D.getAuthorizedData              : ==>  Preparing: select u.id from mybatis.data_permission as dataPerm join mybatis.user as u on dataPerm.resourceId = u.departmentId where dataPerm.userId = ? and u.id = ?
2022-09-06 11:39:59.405 DEBUG 16588 --- [http-nio-8020-exec-2] c.e.s.d.D.getAuthorizedData              : ==> Parameters: 3(Integer), 3(Integer)
2022-09-06 11:39:59.413 DEBUG 16588 --- [http-nio-8020-exec-2] c.e.s.d.D.getAuthorizedData              : <==      Total: 1
2022-09-06 11:39:59.414 DEBUG 16588 --- [http-nio-8020-exec-2] c.e.s.service.ServiceAspect              : 用户授权校验通过:id=3,resource=user
2022-09-06 11:39:59.414 DEBUG 16588 --- [http-nio-8020-exec-2] c.e.s.dao.UserDao.queryUserById          : ==>  Preparing: select * from mybatis.user as a where a.id=?;
2022-09-06 11:39:59.414 DEBUG 16588 --- [http-nio-8020-exec-2] c.e.s.dao.UserDao.queryUserById          : ==> Parameters: 3(Integer)
2022-09-06 11:39:59.416 DEBUG 16588 --- [http-nio-8020-exec-2] c.e.s.dao.UserDao.queryUserById          : <==      Total: 1
2022-09-06 11:40:09.561 DEBUG 16588 --- [http-nio-8020-exec-4] c.e.s.dao.AuthDao.authUrl                : ==>  Preparing: select g.name userName, h.* from (select * from mybatis.user WHERE createBy =3)g left join( select e.userID, f.* from mybatis.user_role e join( select c.name roleName, d.* from mybatis.role c join( select roleID, permissionID, permission, pid, url from mybatis.role_permission a join mybatis.permission b on a.permissionID = b.id) d on c.id = d.roleID) f on e.roleID = f.roleID) h on g.id = h.userID where userID = ?
2022-09-06 11:40:09.561 DEBUG 16588 --- [http-nio-8020-exec-4] c.e.s.dao.AuthDao.authUrl                : ==> Parameters: 3(Integer)
2022-09-06 11:40:09.563 DEBUG 16588 --- [http-nio-8020-exec-4] c.e.s.dao.AuthDao.authUrl                : <==      Total: 6
2022-09-06 11:40:09.563 DEBUG 16588 --- [http-nio-8020-exec-4] c.e.s.service.ServiceAspect              : 用户id获取,argNames[i]=id
2022-09-06 11:40:09.563 DEBUG 16588 --- [http-nio-8020-exec-4] c.e.s.service.ServiceAspect              : 校验用户授权信息:id=9,resource=user
2022-09-06 11:40:09.569 DEBUG 16588 --- [http-nio-8020-exec-4] c.e.s.d.D.getAuthorizedData              : ==>  Preparing: select u.id from mybatis.data_permission as dataPerm join mybatis.user as u on dataPerm.resourceId = u.departmentId where dataPerm.userId = ? and u.id = ?
2022-09-06 11:40:09.570 DEBUG 16588 --- [http-nio-8020-exec-4] c.e.s.d.D.getAuthorizedData              : ==> Parameters: 3(Integer), 9(Integer)
2022-09-06 11:40:09.570 DEBUG 16588 --- [http-nio-8020-exec-4] c.e.s.d.D.getAuthorizedData              : <==      Total: 1
2022-09-06 11:40:09.571 DEBUG 16588 --- [http-nio-8020-exec-4] c.e.s.service.ServiceAspect              : 用户授权校验通过:id=9,resource=user
2022-09-06 11:40:09.571 DEBUG 16588 --- [http-nio-8020-exec-4] c.e.s.dao.UserDao.queryUserById          : ==>  Preparing: select * from mybatis.user as a where a.id=?;
2022-09-06 11:40:09.571 DEBUG 16588 --- [http-nio-8020-exec-4] c.e.s.dao.UserDao.queryUserById          : ==> Parameters: 9(Integer)
2022-09-06 11:40:09.572 DEBUG 16588 --- [http-nio-8020-exec-4] c.e.s.dao.UserDao.queryUserById          : <==      Total: 1
2022-09-06 11:43:16.361  WARN 16588 --- [http-nio-8020-exec-7] c.a.druid.pool.DruidAbstractDataSource   : discard long time none received connection. , jdbcUrl : jdbc:mysql://localhost:3306/mybatis?useUnicode=true&characterEncoding=utf-8&serverTimezone=GMT, version : 1.2.4, lastPacketReceivedIdleMillis : 186788
2022-09-06 11:43:16.372 DEBUG 16588 --- [http-nio-8020-exec-7] c.e.s.dao.AuthDao.authUrl                : ==>  Preparing: select g.name userName, h.* from (select * from mybatis.user WHERE createBy =3)g left join( select e.userID, f.* from mybatis.user_role e join( select c.name roleName, d.* from mybatis.role c join( select roleID, permissionID, permission, pid, url from mybatis.role_permission a join mybatis.permission b on a.permissionID = b.id) d on c.id = d.roleID) f on e.roleID = f.roleID) h on g.id = h.userID where userID = ?
2022-09-06 11:43:16.373 DEBUG 16588 --- [http-nio-8020-exec-7] c.e.s.dao.AuthDao.authUrl                : ==> Parameters: 3(Integer)
2022-09-06 11:43:16.376 DEBUG 16588 --- [http-nio-8020-exec-7] c.e.s.dao.AuthDao.authUrl                : <==      Total: 6
2022-09-06 11:43:16.376 DEBUG 16588 --- [http-nio-8020-exec-7] c.e.s.service.ServiceAspect              : 用户id获取,argNames[i]=id
2022-09-06 11:43:16.376 DEBUG 16588 --- [http-nio-8020-exec-7] c.e.s.service.ServiceAspect              : 校验用户授权信息:id=25,resource=user
2022-09-06 11:43:16.380 DEBUG 16588 --- [http-nio-8020-exec-7] c.e.s.d.D.getAuthorizedData              : ==>  Preparing: select u.id from mybatis.data_permission as dataPerm join mybatis.user as u on dataPerm.resourceId = u.departmentId where dataPerm.userId = ? and u.id = ?
2022-09-06 11:43:16.380 DEBUG 16588 --- [http-nio-8020-exec-7] c.e.s.d.D.getAuthorizedData              : ==> Parameters: 3(Integer), 25(Integer)
2022-09-06 11:43:16.381 DEBUG 16588 --- [http-nio-8020-exec-7] c.e.s.d.D.getAuthorizedData              : <==      Total: 0
2022-09-06 11:43:23.691 DEBUG 16588 --- [http-nio-8020-exec-10] c.e.s.dao.AuthDao.authUrl                : ==>  Preparing: select g.name userName, h.* from (select * from mybatis.user WHERE createBy =3)g left join( select e.userID, f.* from mybatis.user_role e join( select c.name roleName, d.* from mybatis.role c join( select roleID, permissionID, permission, pid, url from mybatis.role_permission a join mybatis.permission b on a.permissionID = b.id) d on c.id = d.roleID) f on e.roleID = f.roleID) h on g.id = h.userID where userID = ?
2022-09-06 11:43:23.691 DEBUG 16588 --- [http-nio-8020-exec-10] c.e.s.dao.AuthDao.authUrl                : ==> Parameters: 3(Integer)
2022-09-06 11:43:23.693 DEBUG 16588 --- [http-nio-8020-exec-10] c.e.s.dao.AuthDao.authUrl                : <==      Total: 6
2022-09-06 11:43:23.693 DEBUG 16588 --- [http-nio-8020-exec-10] c.e.s.service.ServiceAspect              : 用户id获取,argNames[i]=id
2022-09-06 11:43:23.693 DEBUG 16588 --- [http-nio-8020-exec-10] c.e.s.service.ServiceAspect              : 校验用户授权信息:id=1,resource=user
2022-09-06 11:43:23.698 DEBUG 16588 --- [http-nio-8020-exec-10] c.e.s.d.D.getAuthorizedData              : ==>  Preparing: select u.id from mybatis.data_permission as dataPerm join mybatis.user as u on dataPerm.resourceId = u.departmentId where dataPerm.userId = ? and u.id = ?
2022-09-06 11:43:23.698 DEBUG 16588 --- [http-nio-8020-exec-10] c.e.s.d.D.getAuthorizedData              : ==> Parameters: 3(Integer), 1(Integer)
2022-09-06 11:43:23.699 DEBUG 16588 --- [http-nio-8020-exec-10] c.e.s.d.D.getAuthorizedData              : <==      Total: 0
2022-09-06 11:43:28.407 DEBUG 16588 --- [http-nio-8020-exec-9] c.e.s.dao.AuthDao.authUrl                : ==>  Preparing: select g.name userName, h.* from (select * from mybatis.user WHERE createBy =3)g left join( select e.userID, f.* from mybatis.user_role e join( select c.name roleName, d.* from mybatis.role c join( select roleID, permissionID, permission, pid, url from mybatis.role_permission a join mybatis.permission b on a.permissionID = b.id) d on c.id = d.roleID) f on e.roleID = f.roleID) h on g.id = h.userID where userID = ?
2022-09-06 11:43:28.408 DEBUG 16588 --- [http-nio-8020-exec-9] c.e.s.dao.AuthDao.authUrl                : ==> Parameters: 3(Integer)
2022-09-06 11:43:28.409 DEBUG 16588 --- [http-nio-8020-exec-9] c.e.s.dao.AuthDao.authUrl                : <==      Total: 6
2022-09-06 11:43:28.410 DEBUG 16588 --- [http-nio-8020-exec-9] c.e.s.service.ServiceAspect              : 用户id获取,argNames[i]=id
2022-09-06 11:43:28.410 DEBUG 16588 --- [http-nio-8020-exec-9] c.e.s.service.ServiceAspect              : 校验用户授权信息:id=2,resource=user
2022-09-06 11:43:28.416 DEBUG 16588 --- [http-nio-8020-exec-9] c.e.s.d.D.getAuthorizedData              : ==>  Preparing: select u.id from mybatis.data_permission as dataPerm join mybatis.user as u on dataPerm.resourceId = u.departmentId where dataPerm.userId = ? and u.id = ?
2022-09-06 11:43:28.416 DEBUG 16588 --- [http-nio-8020-exec-9] c.e.s.d.D.getAuthorizedData              : ==> Parameters: 3(Integer), 2(Integer)
2022-09-06 11:43:28.417 DEBUG 16588 --- [http-nio-8020-exec-9] c.e.s.d.D.getAuthorizedData              : <==      Total: 0
2022-09-06 11:43:31.838 DEBUG 16588 --- [http-nio-8020-exec-8] c.e.s.dao.AuthDao.authUrl                : ==>  Preparing: select g.name userName, h.* from (select * from mybatis.user WHERE createBy =3)g left join( select e.userID, f.* from mybatis.user_role e join( select c.name roleName, d.* from mybatis.role c join( select roleID, permissionID, permission, pid, url from mybatis.role_permission a join mybatis.permission b on a.permissionID = b.id) d on c.id = d.roleID) f on e.roleID = f.roleID) h on g.id = h.userID where userID = ?
2022-09-06 11:43:31.839 DEBUG 16588 --- [http-nio-8020-exec-8] c.e.s.dao.AuthDao.authUrl                : ==> Parameters: 3(Integer)
2022-09-06 11:43:31.840 DEBUG 16588 --- [http-nio-8020-exec-8] c.e.s.dao.AuthDao.authUrl                : <==      Total: 6
2022-09-06 11:43:31.841 DEBUG 16588 --- [http-nio-8020-exec-8] c.e.s.service.ServiceAspect              : 用户id获取,argNames[i]=id
2022-09-06 11:43:31.841 DEBUG 16588 --- [http-nio-8020-exec-8] c.e.s.service.ServiceAspect              : 校验用户授权信息:id=3,resource=user
2022-09-06 11:43:31.845 DEBUG 16588 --- [http-nio-8020-exec-8] c.e.s.d.D.getAuthorizedData              : ==>  Preparing: select u.id from mybatis.data_permission as dataPerm join mybatis.user as u on dataPerm.resourceId = u.departmentId where dataPerm.userId = ? and u.id = ?
2022-09-06 11:43:31.845 DEBUG 16588 --- [http-nio-8020-exec-8] c.e.s.d.D.getAuthorizedData              : ==> Parameters: 3(Integer), 3(Integer)
2022-09-06 11:43:31.846 DEBUG 16588 --- [http-nio-8020-exec-8] c.e.s.d.D.getAuthorizedData              : <==      Total: 1
2022-09-06 11:43:31.847 DEBUG 16588 --- [http-nio-8020-exec-8] c.e.s.service.ServiceAspect              : 用户授权校验通过:id=3,resource=user
2022-09-06 11:43:31.847 DEBUG 16588 --- [http-nio-8020-exec-8] c.e.s.dao.UserDao.queryUserById          : ==>  Preparing: select * from mybatis.user as a where a.id=?;
2022-09-06 11:43:31.847 DEBUG 16588 --- [http-nio-8020-exec-8] c.e.s.dao.UserDao.queryUserById          : ==> Parameters: 3(Integer)
2022-09-06 11:43:31.848 DEBUG 16588 --- [http-nio-8020-exec-8] c.e.s.dao.UserDao.queryUserById          : <==      Total: 1
2022-09-06 14:32:13.496 DEBUG 16588 --- [http-nio-8020-exec-3] c.e.s.dao.AuthDao.rawUserMenu            : ==>  Preparing: select g.name userName, h.* from (select * from mybatis.user WHERE createBy =null)g left join( select e.userID, f.* from mybatis.user_role e join( select c.name roleName, d.* from mybatis.role c join( select roleID, permissionID, permission, pid, url from mybatis.role_permission a join mybatis.permission b on a.permissionID = b.id where b.type = "菜单") d on c.id = d.roleID) f on e.roleID = f.roleID) h on g.id = h.userID where userID = ?
2022-09-06 14:32:13.497 DEBUG 16588 --- [http-nio-8020-exec-3] c.e.s.dao.AuthDao.rawUserMenu            : ==> Parameters: 3(Integer)
2022-09-06 14:32:13.501 DEBUG 16588 --- [http-nio-8020-exec-3] c.e.s.dao.AuthDao.rawUserMenu            : <==      Total: 0
2022-09-06 14:32:22.162 DEBUG 16588 --- [http-nio-8020-exec-4] c.e.s.dao.AuthDao.rawUserMenu            : ==>  Preparing: select g.name userName, h.* from (select * from mybatis.user WHERE createBy =null)g left join( select e.userID, f.* from mybatis.user_role e join( select c.name roleName, d.* from mybatis.role c join( select roleID, permissionID, permission, pid, url from mybatis.role_permission a join mybatis.permission b on a.permissionID = b.id where b.type = "菜单") d on c.id = d.roleID) f on e.roleID = f.roleID) h on g.id = h.userID where userID = ?
2022-09-06 14:32:22.162 DEBUG 16588 --- [http-nio-8020-exec-4] c.e.s.dao.AuthDao.rawUserMenu            : ==> Parameters: 3(Integer)
2022-09-06 14:32:22.163 DEBUG 16588 --- [http-nio-8020-exec-4] c.e.s.dao.AuthDao.rawUserMenu            : <==      Total: 0
2022-09-06 14:33:37.262  WARN 16588 --- [http-nio-8020-exec-6] c.a.druid.pool.DruidAbstractDataSource   : discard long time none received connection. , jdbcUrl : jdbc:mysql://localhost:3306/mybatis?useUnicode=true&characterEncoding=utf-8&serverTimezone=GMT, version : 1.2.4, lastPacketReceivedIdleMillis : 75099
2022-09-06 14:33:37.282 DEBUG 16588 --- [http-nio-8020-exec-6] c.e.s.dao.AuthDao.rawUserMenu            : ==>  Preparing: select g.name userName, h.* from (select * from mybatis.user WHERE createBy =null)g left join( select e.userID, f.* from mybatis.user_role e join( select c.name roleName, d.* from mybatis.role c join( select roleID, permissionID, permission, pid, url from mybatis.role_permission a join mybatis.permission b on a.permissionID = b.id where b.type = "菜单") d on c.id = d.roleID) f on e.roleID = f.roleID) h on g.id = h.userID where userID = ?
2022-09-06 14:33:37.282 DEBUG 16588 --- [http-nio-8020-exec-6] c.e.s.dao.AuthDao.rawUserMenu            : ==> Parameters: 3(Integer)
2022-09-06 14:33:37.285 DEBUG 16588 --- [http-nio-8020-exec-6] c.e.s.dao.AuthDao.rawUserMenu            : <==      Total: 0
2022-09-06 14:40:11.876  WARN 16588 --- [http-nio-8020-exec-2] c.a.druid.pool.DruidAbstractDataSource   : discard long time none received connection. , jdbcUrl : jdbc:mysql://localhost:3306/mybatis?useUnicode=true&characterEncoding=utf-8&serverTimezone=GMT, version : 1.2.4, lastPacketReceivedIdleMillis : 394590
2022-09-06 14:40:11.888 DEBUG 16588 --- [http-nio-8020-exec-2] c.e.s.dao.UserDao.queryUserById          : ==>  Preparing: select * from mybatis.user as a where a.id=?;
2022-09-06 14:40:11.888 DEBUG 16588 --- [http-nio-8020-exec-2] c.e.s.dao.UserDao.queryUserById          : ==> Parameters: 1(Integer)
2022-09-06 14:40:11.890 DEBUG 16588 --- [http-nio-8020-exec-2] c.e.s.dao.UserDao.queryUserById          : <==      Total: 1
2022-09-06 14:40:11.895 DEBUG 16588 --- [http-nio-8020-exec-2] c.e.s.dao.AuthDao.getRole                : ==>  Preparing: select b.* from mybatis.user_role a join mybatis.role b on a.roleId = b.id where a.userId = ?
2022-09-06 14:40:11.896 DEBUG 16588 --- [http-nio-8020-exec-2] c.e.s.dao.AuthDao.getRole                : ==> Parameters: 1(Integer)
2022-09-06 14:40:11.898 DEBUG 16588 --- [http-nio-8020-exec-2] c.e.s.dao.AuthDao.getRole                : <==      Total: 1
2022-09-06 14:40:23.024 DEBUG 16588 --- [http-nio-8020-exec-4] c.e.s.dao.UserDao.queryUserById          : ==>  Preparing: select * from mybatis.user as a where a.id=?;
2022-09-06 14:40:23.024 DEBUG 16588 --- [http-nio-8020-exec-4] c.e.s.dao.UserDao.queryUserById          : ==> Parameters: 3(Integer)
2022-09-06 14:40:23.026 DEBUG 16588 --- [http-nio-8020-exec-4] c.e.s.dao.UserDao.queryUserById          : <==      Total: 1
2022-09-06 14:40:23.033 DEBUG 16588 --- [http-nio-8020-exec-4] c.e.s.dao.AuthDao.getRole                : ==>  Preparing: select b.* from mybatis.user_role a join mybatis.role b on a.roleId = b.id where a.userId = ?
2022-09-06 14:40:23.033 DEBUG 16588 --- [http-nio-8020-exec-4] c.e.s.dao.AuthDao.getRole                : ==> Parameters: 3(Integer)
2022-09-06 14:40:23.034 DEBUG 16588 --- [http-nio-8020-exec-4] c.e.s.dao.AuthDao.getRole                : <==      Total: 1
2022-09-06 14:40:39.691 DEBUG 16588 --- [http-nio-8020-exec-6] c.e.s.dao.AuthDao.authUrl                : ==>  Preparing: select g.name userName, h.* from mybatis.user g left join( select e.userID, f.* from mybatis.user_role e join( select c.name roleName, d.* from mybatis.role c join( select roleID, permissionID, permission, pid, url from mybatis.role_permission a join mybatis.permission b on a.permissionID = b.id) d on c.id = d.roleID) f on e.roleID = f.roleID) h on g.id = h.userID where userID = ?;
2022-09-06 14:40:39.691 DEBUG 16588 --- [http-nio-8020-exec-6] c.e.s.dao.AuthDao.authUrl                : ==> Parameters: 3(Integer)
2022-09-06 14:40:39.693 DEBUG 16588 --- [http-nio-8020-exec-6] c.e.s.dao.AuthDao.authUrl                : <==      Total: 6
2022-09-06 14:40:39.694 DEBUG 16588 --- [http-nio-8020-exec-6] c.e.s.service.ServiceAspect              : 用户id获取,argNames[i]=id
2022-09-06 14:40:39.694 DEBUG 16588 --- [http-nio-8020-exec-6] c.e.s.service.ServiceAspect              : 校验用户授权信息:id=3,resource=user
2022-09-06 14:40:39.696 DEBUG 16588 --- [http-nio-8020-exec-6] c.e.s.service.ServiceAspect              : 用户授权校验通过:id=3,resource=user
2022-09-06 14:40:39.696 DEBUG 16588 --- [http-nio-8020-exec-6] c.e.s.dao.UserDao.queryUserById          : ==>  Preparing: select * from mybatis.user as a where a.id=?;
2022-09-06 14:40:39.696 DEBUG 16588 --- [http-nio-8020-exec-6] c.e.s.dao.UserDao.queryUserById          : ==> Parameters: 3(Integer)
2022-09-06 14:40:39.697 DEBUG 16588 --- [http-nio-8020-exec-6] c.e.s.dao.UserDao.queryUserById          : <==      Total: 1
2022-09-06 14:41:33.326 DEBUG 16588 --- [http-nio-8020-exec-10] c.e.s.dao.AuthDao.rawUserMenu            : ==>  Preparing: select g.name userName, h.* from mybatis.user g left join( select e.userID, f.* from mybatis.user_role e join( select c.name roleName, d.* from mybatis.role c join( select roleID, permissionID, permission, pid, url from mybatis.role_permission a join mybatis.permission b on a.permissionID = b.id where b.type = "菜单") d on c.id = d.roleID) f on e.roleID = f.roleID) h on g.id = h.userID where userID = ?;
2022-09-06 14:41:33.326 DEBUG 16588 --- [http-nio-8020-exec-10] c.e.s.dao.AuthDao.rawUserMenu            : ==> Parameters: 1(Integer)
2022-09-06 14:41:33.328 DEBUG 16588 --- [http-nio-8020-exec-10] c.e.s.dao.AuthDao.rawUserMenu            : <==      Total: 4
2022-09-06 14:45:04.967  WARN 16588 --- [Thread-22] c.a.nacos.common.notify.NotifyCenter     : [NotifyCenter] Start destroying Publisher
2022-09-06 14:45:04.967  WARN 16588 --- [Thread-25] c.a.n.common.http.HttpClientBeanHolder   : [HttpClientBeanHolder] Start destroying common HttpClient
2022-09-06 14:45:04.967  WARN 16588 --- [Thread-22] c.a.nacos.common.notify.NotifyCenter     : [NotifyCenter] Destruction of the end
2022-09-06 14:45:04.967  WARN 16588 --- [Thread-25] c.a.n.common.http.HttpClientBeanHolder   : [HttpClientBeanHolder] Destruction of the end
2022-09-06 14:45:05.207  INFO 16588 --- [SpringContextShutdownHook] o.s.s.c.ThreadPoolTaskScheduler          : Shutting down ExecutorService 'Nacos-Watch-Task-Scheduler'
2022-09-06 14:45:05.211  INFO 16588 --- [SpringContextShutdownHook] c.a.c.n.registry.NacosServiceRegistry    : De-registering from Nacos Server now...
2022-09-06 14:45:05.213  INFO 16588 --- [SpringContextShutdownHook] c.a.c.n.registry.NacosServiceRegistry    : De-registration finished.
2022-09-06 14:45:05.553  INFO 16588 --- [SpringContextShutdownHook] o.s.s.concurrent.ThreadPoolTaskExecutor  : Shutting down ExecutorService 'applicationTaskExecutor'
2022-09-06 14:45:05.557  INFO 16588 --- [SpringContextShutdownHook] com.alibaba.druid.pool.DruidDataSource   : {dataSource-1} closing ...
2022-09-06 14:45:05.559  INFO 16588 --- [SpringContextShutdownHook] com.alibaba.druid.pool.DruidDataSource   : {dataSource-1} closed
2022-09-06 14:45:11.947  INFO 16712 --- [restartedMain] c.e.s.SpringbootMybatisApplication       : The following profiles are active: dev
2022-09-06 14:45:12.548  INFO 16712 --- [restartedMain] .s.d.r.c.RepositoryConfigurationDelegate : Multiple Spring Data modules found, entering strict repository configuration mode!
2022-09-06 14:45:12.550  INFO 16712 --- [restartedMain] .s.d.r.c.RepositoryConfigurationDelegate : Bootstrapping Spring Data Redis repositories in DEFAULT mode.
2022-09-06 14:45:12.575  INFO 16712 --- [restartedMain] .s.d.r.c.RepositoryConfigurationDelegate : Finished Spring Data repository scanning in 9ms. Found 0 Redis repository interfaces.
2022-09-06 14:45:12.729  INFO 16712 --- [restartedMain] o.s.cloud.context.scope.GenericScope     : BeanFactory id=b40d4ccc-e716-3892-860e-08fb2b3337e6
2022-09-06 14:45:12.876  INFO 16712 --- [restartedMain] trationDelegate$BeanPostProcessorChecker : Bean 'redisConfig' of type [com.example.springbootmybatis.config.RedisConfig$$EnhancerBySpringCGLIB$$9a4fadc2] is not eligible for getting processed by all BeanPostProcessors (for example: not eligible for auto-proxying)
2022-09-06 14:45:13.241  INFO 16712 --- [restartedMain] o.s.b.w.embedded.tomcat.TomcatWebServer  : Tomcat initialized with port(s): 8020 (http)
2022-09-06 14:45:13.248  INFO 16712 --- [restartedMain] o.apache.catalina.core.StandardService   : Starting service [Tomcat]
2022-09-06 14:45:13.249  INFO 16712 --- [restartedMain] org.apache.catalina.core.StandardEngine  : Starting Servlet engine: [Apache Tomcat/9.0.46]
2022-09-06 14:45:13.394  INFO 16712 --- [restartedMain] o.a.c.c.C.[Tomcat].[localhost].[/]       : Initializing Spring embedded WebApplicationContext
2022-09-06 14:45:13.394  INFO 16712 --- [restartedMain] w.s.c.ServletWebServerApplicationContext : Root WebApplicationContext: initialization completed in 1436 ms
2022-09-06 14:45:14.187  INFO 16712 --- [restartedMain] pertySourcedRequestMappingHandlerMapping : Mapped URL path [/v2/api-docs] onto method [springfox.documentation.swagger2.web.Swagger2Controller#getDocumentation(String, HttpServletRequest)]
2022-09-06 14:45:14.204  WARN 16712 --- [restartedMain] c.n.c.sources.URLConfigurationSource     : No URLs will be polled as dynamic configuration sources.
2022-09-06 14:45:14.205  INFO 16712 --- [restartedMain] c.n.c.sources.URLConfigurationSource     : To enable URLs as dynamic configuration sources, define System property archaius.configurationSource.additionalUrls or make config.properties available on classpath.
2022-09-06 14:45:14.207  WARN 16712 --- [restartedMain] c.n.c.sources.URLConfigurationSource     : No URLs will be polled as dynamic configuration sources.
2022-09-06 14:45:14.208  INFO 16712 --- [restartedMain] c.n.c.sources.URLConfigurationSource     : To enable URLs as dynamic configuration sources, define System property archaius.configurationSource.additionalUrls or make config.properties available on classpath.
2022-09-06 14:45:14.301  INFO 16712 --- [restartedMain] o.s.s.concurrent.ThreadPoolTaskExecutor  : Initializing ExecutorService 'applicationTaskExecutor'
2022-09-06 14:45:14.335  INFO 16712 --- [restartedMain] o.s.b.d.a.OptionalLiveReloadServer       : LiveReload server is running on port 35729
2022-09-06 14:45:14.365  INFO 16712 --- [restartedMain] o.s.b.a.w.s.WelcomePageHandlerMapping    : Adding welcome page template: index
2022-09-06 14:45:14.883  INFO 16712 --- [restartedMain] o.s.s.c.ThreadPoolTaskScheduler          : Initializing ExecutorService 'Nacos-Watch-Task-Scheduler'
2022-09-06 14:45:15.578  INFO 16712 --- [restartedMain] c.a.n.p.a.s.c.ClientAuthPluginManager    : [ClientAuthPluginManager] Load ClientAuthService com.alibaba.nacos.client.auth.impl.NacosClientAuthServiceImpl success.
2022-09-06 14:45:15.578  INFO 16712 --- [restartedMain] c.a.n.p.a.s.c.ClientAuthPluginManager    : [ClientAuthPluginManager] Load ClientAuthService com.alibaba.nacos.client.auth.ram.RamClientAuthServiceImpl success.
2022-09-06 14:45:17.436  INFO 16712 --- [restartedMain] o.s.b.w.embedded.tomcat.TomcatWebServer  : Tomcat started on port(s): 8020 (http) with context path ''
2022-09-06 14:45:17.444  INFO 16712 --- [restartedMain] c.a.c.n.registry.NacosServiceRegistry    : nacos registry, DEFAULT_GROUP user-service 192.168.159.1:8020 register finished
2022-09-06 14:45:17.895  INFO 16712 --- [restartedMain] d.s.w.p.DocumentationPluginsBootstrapper : Context refreshed
2022-09-06 14:45:17.903  INFO 16712 --- [restartedMain] d.s.w.p.DocumentationPluginsBootstrapper : Found 2 custom documentation plugin(s)
2022-09-06 14:45:17.930  INFO 16712 --- [restartedMain] s.d.s.w.s.ApiListingReferenceScanner     : Scanning for api listing references
2022-09-06 14:45:17.999  INFO 16712 --- [restartedMain] .d.s.w.r.o.CachingOperationNameGenerator : Generating unique operation named: listAuthMenuUsingGET_1
2022-09-06 14:45:18.119  INFO 16712 --- [restartedMain] s.d.s.w.s.ApiListingReferenceScanner     : Scanning for api listing references
2022-09-06 14:45:18.122  INFO 16712 --- [restartedMain] .d.s.w.r.o.CachingOperationNameGenerator : Generating unique operation named: authUrlUsingGET_1
2022-09-06 14:45:18.125  INFO 16712 --- [restartedMain] .d.s.w.r.o.CachingOperationNameGenerator : Generating unique operation named: listAuthMenuUsingGET_2
2022-09-06 14:45:18.127  INFO 16712 --- [restartedMain] .d.s.w.r.o.CachingOperationNameGenerator : Generating unique operation named: listAuthMenuUsingGET_3
2022-09-06 14:45:18.129  INFO 16712 --- [restartedMain] .d.s.w.r.o.CachingOperationNameGenerator : Generating unique operation named: rawAuthMenuUsingGET_1
2022-09-06 14:45:18.130  INFO 16712 --- [restartedMain] .d.s.w.r.o.CachingOperationNameGenerator : Generating unique operation named: getPubKeyUsingGET_1
2022-09-06 14:45:18.131  INFO 16712 --- [restartedMain] .d.s.w.r.o.CachingOperationNameGenerator : Generating unique operation named: logOutUsingGET_1
2022-09-06 14:45:18.134  INFO 16712 --- [restartedMain] .d.s.w.r.o.CachingOperationNameGenerator : Generating unique operation named: loginAuthUsingPOST_1
2022-09-06 14:45:18.140  INFO 16712 --- [restartedMain] .d.s.w.r.o.CachingOperationNameGenerator : Generating unique operation named: addPermissionUsingPOST_1
2022-09-06 14:45:18.142  INFO 16712 --- [restartedMain] .d.s.w.r.o.CachingOperationNameGenerator : Generating unique operation named: deletePermissionByIdUsingPOST_1
2022-09-06 14:45:18.144  INFO 16712 --- [restartedMain] .d.s.w.r.o.CachingOperationNameGenerator : Generating unique operation named: listPermissionUsingGET_1
2022-09-06 14:45:18.146  INFO 16712 --- [restartedMain] .d.s.w.r.o.CachingOperationNameGenerator : Generating unique operation named: queryPermissionByIdUsingGET_1
2022-09-06 14:45:18.147  INFO 16712 --- [restartedMain] .d.s.w.r.o.CachingOperationNameGenerator : Generating unique operation named: treePermissionUsingGET_1
2022-09-06 14:45:18.148  INFO 16712 --- [restartedMain] .d.s.w.r.o.CachingOperationNameGenerator : Generating unique operation named: updatePermissionUsingPOST_1
2022-09-06 14:45:18.151  INFO 16712 --- [restartedMain] .d.s.w.r.o.CachingOperationNameGenerator : Generating unique operation named: addRoleUsingPOST_1
2022-09-06 14:45:18.152  INFO 16712 --- [restartedMain] .d.s.w.r.o.CachingOperationNameGenerator : Generating unique operation named: deleteRoleByIdUsingGET_1
2022-09-06 14:45:18.155  INFO 16712 --- [restartedMain] .d.s.w.r.o.CachingOperationNameGenerator : Generating unique operation named: listRoleUsingGET_1
2022-09-06 14:45:18.156  INFO 16712 --- [restartedMain] .d.s.w.r.o.CachingOperationNameGenerator : Generating unique operation named: queryRoleByIdUsingGET_1
2022-09-06 14:45:18.158  INFO 16712 --- [restartedMain] .d.s.w.r.o.CachingOperationNameGenerator : Generating unique operation named: updateRoleUsingPOST_1
2022-09-06 14:45:18.160  INFO 16712 --- [restartedMain] .d.s.w.r.o.CachingOperationNameGenerator : Generating unique operation named: addUsingPOST_1
2022-09-06 14:45:18.162  INFO 16712 --- [restartedMain] .d.s.w.r.o.CachingOperationNameGenerator : Generating unique operation named: deleteUsingDELETE_1
2022-09-06 14:45:18.164  INFO 16712 --- [restartedMain] .d.s.w.r.o.CachingOperationNameGenerator : Generating unique operation named: findUserByIdUsingGET_1
2022-09-06 14:45:18.170  INFO 16712 --- [restartedMain] .d.s.w.r.o.CachingOperationNameGenerator : Generating unique operation named: indexUsingPOST_1
2022-09-06 14:45:18.171  INFO 16712 --- [restartedMain] .d.s.w.r.o.CachingOperationNameGenerator : Generating unique operation named: listUserUsingGET_1
2022-09-06 14:45:18.173  INFO 16712 --- [restartedMain] .d.s.w.r.o.CachingOperationNameGenerator : Generating unique operation named: permissionUsingGET_1
2022-09-06 14:45:18.175  INFO 16712 --- [restartedMain] .d.s.w.r.o.CachingOperationNameGenerator : Generating unique operation named: updateUsingPUT_1
2022-09-06 14:45:18.183  INFO 16712 --- [restartedMain] c.e.s.SpringbootMybatisApplication       : Started SpringbootMybatisApplication in 7.765 seconds (JVM running for 8.661)
2022-09-06 14:45:34.459  INFO 16712 --- [http-nio-8020-exec-1] o.a.c.c.C.[Tomcat].[localhost].[/]       : Initializing Spring DispatcherServlet 'dispatcherServlet'
2022-09-06 14:45:34.459  INFO 16712 --- [http-nio-8020-exec-1] o.s.web.servlet.DispatcherServlet        : Initializing Servlet 'dispatcherServlet'
2022-09-06 14:45:34.465  INFO 16712 --- [http-nio-8020-exec-1] o.s.web.servlet.DispatcherServlet        : Completed initialization in 6 ms
2022-09-06 14:45:41.870  INFO 16712 --- [http-nio-8020-exec-3] com.alibaba.druid.pool.DruidDataSource   : {dataSource-1} inited
2022-09-06 14:45:42.019 DEBUG 16712 --- [http-nio-8020-exec-3] c.e.s.dao.UserDao.queryUserById          : ==>  Preparing: select * from mybatis.user as a where a.id=?;
2022-09-06 14:45:42.038 DEBUG 16712 --- [http-nio-8020-exec-3] c.e.s.dao.UserDao.queryUserById          : ==> Parameters: 3(Integer)
2022-09-06 14:45:42.057 DEBUG 16712 --- [http-nio-8020-exec-3] c.e.s.dao.UserDao.queryUserById          : <==      Total: 1
2022-09-06 14:45:42.281 DEBUG 16712 --- [http-nio-8020-exec-3] c.e.s.dao.AuthDao.getRole                : ==>  Preparing: select b.* from mybatis.user_role a join mybatis.role b on a.roleId = b.id where a.userId = ?
2022-09-06 14:45:42.281 DEBUG 16712 --- [http-nio-8020-exec-3] c.e.s.dao.AuthDao.getRole                : ==> Parameters: 3(Integer)
2022-09-06 14:45:42.282 DEBUG 16712 --- [http-nio-8020-exec-3] c.e.s.dao.AuthDao.getRole                : <==      Total: 1
2022-09-06 14:46:00.030 DEBUG 16712 --- [http-nio-8020-exec-8] c.e.s.dao.AuthDao.rawUserMenu            : ==>  Preparing: select g.name userName, h.* from (select * from mybatis.user WHERE createBy =3)g left join( select e.userID, f.* from mybatis.user_role e join( select c.name roleName, d.* from mybatis.role c join( select roleID, permissionID, permission, pid, url from mybatis.role_permission a join mybatis.permission b on a.permissionID = b.id where b.type = "菜单") d on c.id = d.roleID) f on e.roleID = f.roleID) h on g.id = h.userID where userID = ?
2022-09-06 14:46:00.030 DEBUG 16712 --- [http-nio-8020-exec-8] c.e.s.dao.AuthDao.rawUserMenu            : ==> Parameters: 1(Integer)
2022-09-06 14:46:00.032 DEBUG 16712 --- [http-nio-8020-exec-8] c.e.s.dao.AuthDao.rawUserMenu            : <==      Total: 0
2022-09-06 14:46:47.160 DEBUG 16712 --- [http-nio-8020-exec-7] c.e.s.dao.AuthDao.rawUserMenu            : ==>  Preparing: select g.name userName, h.* from (select * from mybatis.user WHERE createBy =3)g left join( select e.userID, f.* from mybatis.user_role e join( select c.name roleName, d.* from mybatis.role c join( select roleID, permissionID, permission, pid, url from mybatis.role_permission a join mybatis.permission b on a.permissionID = b.id where b.type = "菜单") d on c.id = d.roleID) f on e.roleID = f.roleID) h on g.id = h.userID where userID = ?
2022-09-06 14:46:47.161 DEBUG 16712 --- [http-nio-8020-exec-7] c.e.s.dao.AuthDao.rawUserMenu            : ==> Parameters: 3(Integer)
2022-09-06 14:46:47.163 DEBUG 16712 --- [http-nio-8020-exec-7] c.e.s.dao.AuthDao.rawUserMenu            : <==      Total: 2
2022-09-06 14:53:27.002  WARN 16712 --- [Thread-24] c.a.n.common.http.HttpClientBeanHolder   : [HttpClientBeanHolder] Start destroying common HttpClient
2022-09-06 14:53:27.002  WARN 16712 --- [Thread-21] c.a.nacos.common.notify.NotifyCenter     : [NotifyCenter] Start destroying Publisher
2022-09-06 14:53:27.002  WARN 16712 --- [Thread-21] c.a.nacos.common.notify.NotifyCenter     : [NotifyCenter] Destruction of the end
2022-09-06 14:53:27.003  WARN 16712 --- [Thread-24] c.a.n.common.http.HttpClientBeanHolder   : [HttpClientBeanHolder] Destruction of the end
2022-09-06 14:53:27.248  INFO 16712 --- [SpringContextShutdownHook] o.s.s.c.ThreadPoolTaskScheduler          : Shutting down ExecutorService 'Nacos-Watch-Task-Scheduler'
2022-09-06 14:53:27.255  INFO 16712 --- [SpringContextShutdownHook] c.a.c.n.registry.NacosServiceRegistry    : De-registering from Nacos Server now...
2022-09-06 14:53:27.257  INFO 16712 --- [SpringContextShutdownHook] c.a.c.n.registry.NacosServiceRegistry    : De-registration finished.
2022-09-06 14:53:27.623  INFO 16712 --- [SpringContextShutdownHook] o.s.s.concurrent.ThreadPoolTaskExecutor  : Shutting down ExecutorService 'applicationTaskExecutor'
2022-09-06 14:53:27.631  INFO 16712 --- [SpringContextShutdownHook] com.alibaba.druid.pool.DruidDataSource   : {dataSource-1} closing ...
2022-09-06 14:53:27.636  INFO 16712 --- [SpringContextShutdownHook] com.alibaba.druid.pool.DruidDataSource   : {dataSource-1} closed
2022-09-06 14:53:33.725  INFO 18192 --- [restartedMain] c.e.s.SpringbootMybatisApplication       : The following profiles are active: dev
2022-09-06 14:53:34.338  INFO 18192 --- [restartedMain] .s.d.r.c.RepositoryConfigurationDelegate : Multiple Spring Data modules found, entering strict repository configuration mode!
2022-09-06 14:53:34.341  INFO 18192 --- [restartedMain] .s.d.r.c.RepositoryConfigurationDelegate : Bootstrapping Spring Data Redis repositories in DEFAULT mode.
2022-09-06 14:53:34.366  INFO 18192 --- [restartedMain] .s.d.r.c.RepositoryConfigurationDelegate : Finished Spring Data repository scanning in 14ms. Found 0 Redis repository interfaces.
2022-09-06 14:53:34.523  INFO 18192 --- [restartedMain] o.s.cloud.context.scope.GenericScope     : BeanFactory id=b40d4ccc-e716-3892-860e-08fb2b3337e6
2022-09-06 14:53:34.669  INFO 18192 --- [restartedMain] trationDelegate$BeanPostProcessorChecker : Bean 'redisConfig' of type [com.example.springbootmybatis.config.RedisConfig$$EnhancerBySpringCGLIB$$768bb72] is not eligible for getting processed by all BeanPostProcessors (for example: not eligible for auto-proxying)
2022-09-06 14:53:35.037  INFO 18192 --- [restartedMain] o.s.b.w.embedded.tomcat.TomcatWebServer  : Tomcat initialized with port(s): 8020 (http)
2022-09-06 14:53:35.043  INFO 18192 --- [restartedMain] o.apache.catalina.core.StandardService   : Starting service [Tomcat]
2022-09-06 14:53:35.044  INFO 18192 --- [restartedMain] org.apache.catalina.core.StandardEngine  : Starting Servlet engine: [Apache Tomcat/9.0.46]
2022-09-06 14:53:35.189  INFO 18192 --- [restartedMain] o.a.c.c.C.[Tomcat].[localhost].[/]       : Initializing Spring embedded WebApplicationContext
2022-09-06 14:53:35.190  INFO 18192 --- [restartedMain] w.s.c.ServletWebServerApplicationContext : Root WebApplicationContext: initialization completed in 1453 ms
2022-09-06 14:53:35.992  INFO 18192 --- [restartedMain] pertySourcedRequestMappingHandlerMapping : Mapped URL path [/v2/api-docs] onto method [springfox.documentation.swagger2.web.Swagger2Controller#getDocumentation(String, HttpServletRequest)]
2022-09-06 14:53:36.011  WARN 18192 --- [restartedMain] c.n.c.sources.URLConfigurationSource     : No URLs will be polled as dynamic configuration sources.
2022-09-06 14:53:36.011  INFO 18192 --- [restartedMain] c.n.c.sources.URLConfigurationSource     : To enable URLs as dynamic configuration sources, define System property archaius.configurationSource.additionalUrls or make config.properties available on classpath.
2022-09-06 14:53:36.013  WARN 18192 --- [restartedMain] c.n.c.sources.URLConfigurationSource     : No URLs will be polled as dynamic configuration sources.
2022-09-06 14:53:36.013  INFO 18192 --- [restartedMain] c.n.c.sources.URLConfigurationSource     : To enable URLs as dynamic configuration sources, define System property archaius.configurationSource.additionalUrls or make config.properties available on classpath.
2022-09-06 14:53:36.098  INFO 18192 --- [restartedMain] o.s.s.concurrent.ThreadPoolTaskExecutor  : Initializing ExecutorService 'applicationTaskExecutor'
2022-09-06 14:53:36.136  INFO 18192 --- [restartedMain] o.s.b.d.a.OptionalLiveReloadServer       : LiveReload server is running on port 35729
2022-09-06 14:53:36.168  INFO 18192 --- [restartedMain] o.s.b.a.w.s.WelcomePageHandlerMapping    : Adding welcome page template: index
2022-09-06 14:53:36.674  INFO 18192 --- [restartedMain] o.s.s.c.ThreadPoolTaskScheduler          : Initializing ExecutorService 'Nacos-Watch-Task-Scheduler'
2022-09-06 14:53:37.374  INFO 18192 --- [restartedMain] c.a.n.p.a.s.c.ClientAuthPluginManager    : [ClientAuthPluginManager] Load ClientAuthService com.alibaba.nacos.client.auth.impl.NacosClientAuthServiceImpl success.
2022-09-06 14:53:37.375  INFO 18192 --- [restartedMain] c.a.n.p.a.s.c.ClientAuthPluginManager    : [ClientAuthPluginManager] Load ClientAuthService com.alibaba.nacos.client.auth.ram.RamClientAuthServiceImpl success.
2022-09-06 14:53:39.239  INFO 18192 --- [restartedMain] o.s.b.w.embedded.tomcat.TomcatWebServer  : Tomcat started on port(s): 8020 (http) with context path ''
2022-09-06 14:53:39.247  INFO 18192 --- [restartedMain] c.a.c.n.registry.NacosServiceRegistry    : nacos registry, DEFAULT_GROUP user-service 192.168.159.1:8020 register finished
2022-09-06 14:53:39.683  INFO 18192 --- [restartedMain] d.s.w.p.DocumentationPluginsBootstrapper : Context refreshed
2022-09-06 14:53:39.692  INFO 18192 --- [restartedMain] d.s.w.p.DocumentationPluginsBootstrapper : Found 2 custom documentation plugin(s)
2022-09-06 14:53:39.720  INFO 18192 --- [restartedMain] s.d.s.w.s.ApiListingReferenceScanner     : Scanning for api listing references
2022-09-06 14:53:39.790  INFO 18192 --- [restartedMain] .d.s.w.r.o.CachingOperationNameGenerator : Generating unique operation named: listAuthMenuUsingGET_1
2022-09-06 14:53:39.909  INFO 18192 --- [restartedMain] s.d.s.w.s.ApiListingReferenceScanner     : Scanning for api listing references
2022-09-06 14:53:39.911  INFO 18192 --- [restartedMain] .d.s.w.r.o.CachingOperationNameGenerator : Generating unique operation named: authUrlUsingGET_1
2022-09-06 14:53:39.914  INFO 18192 --- [restartedMain] .d.s.w.r.o.CachingOperationNameGenerator : Generating unique operation named: listAuthMenuUsingGET_2
2022-09-06 14:53:39.916  INFO 18192 --- [restartedMain] .d.s.w.r.o.CachingOperationNameGenerator : Generating unique operation named: listAuthMenuUsingGET_3
2022-09-06 14:53:39.918  INFO 18192 --- [restartedMain] .d.s.w.r.o.CachingOperationNameGenerator : Generating unique operation named: rawAuthMenuUsingGET_1
2022-09-06 14:53:39.919  INFO 18192 --- [restartedMain] .d.s.w.r.o.CachingOperationNameGenerator : Generating unique operation named: getPubKeyUsingGET_1
2022-09-06 14:53:39.920  INFO 18192 --- [restartedMain] .d.s.w.r.o.CachingOperationNameGenerator : Generating unique operation named: logOutUsingGET_1
2022-09-06 14:53:39.923  INFO 18192 --- [restartedMain] .d.s.w.r.o.CachingOperationNameGenerator : Generating unique operation named: loginAuthUsingPOST_1
2022-09-06 14:53:39.926  INFO 18192 --- [restartedMain] .d.s.w.r.o.CachingOperationNameGenerator : Generating unique operation named: addPermissionUsingPOST_1
2022-09-06 14:53:39.928  INFO 18192 --- [restartedMain] .d.s.w.r.o.CachingOperationNameGenerator : Generating unique operation named: deletePermissionByIdUsingPOST_1
2022-09-06 14:53:39.930  INFO 18192 --- [restartedMain] .d.s.w.r.o.CachingOperationNameGenerator : Generating unique operation named: listPermissionUsingGET_1
2022-09-06 14:53:39.932  INFO 18192 --- [restartedMain] .d.s.w.r.o.CachingOperationNameGenerator : Generating unique operation named: queryPermissionByIdUsingGET_1
2022-09-06 14:53:39.933  INFO 18192 --- [restartedMain] .d.s.w.r.o.CachingOperationNameGenerator : Generating unique operation named: treePermissionUsingGET_1
2022-09-06 14:53:39.934  INFO 18192 --- [restartedMain] .d.s.w.r.o.CachingOperationNameGenerator : Generating unique operation named: updatePermissionUsingPOST_1
2022-09-06 14:53:39.937  INFO 18192 --- [restartedMain] .d.s.w.r.o.CachingOperationNameGenerator : Generating unique operation named: addRoleUsingPOST_1
2022-09-06 14:53:39.938  INFO 18192 --- [restartedMain] .d.s.w.r.o.CachingOperationNameGenerator : Generating unique operation named: deleteRoleByIdUsingGET_1
2022-09-06 14:53:39.940  INFO 18192 --- [restartedMain] .d.s.w.r.o.CachingOperationNameGenerator : Generating unique operation named: listRoleUsingGET_1
2022-09-06 14:53:39.942  INFO 18192 --- [restartedMain] .d.s.w.r.o.CachingOperationNameGenerator : Generating unique operation named: queryRoleByIdUsingGET_1
2022-09-06 14:53:39.943  INFO 18192 --- [restartedMain] .d.s.w.r.o.CachingOperationNameGenerator : Generating unique operation named: updateRoleUsingPOST_1
2022-09-06 14:53:39.945  INFO 18192 --- [restartedMain] .d.s.w.r.o.CachingOperationNameGenerator : Generating unique operation named: addUsingPOST_1
2022-09-06 14:53:39.947  INFO 18192 --- [restartedMain] .d.s.w.r.o.CachingOperationNameGenerator : Generating unique operation named: deleteUsingDELETE_1
2022-09-06 14:53:39.949  INFO 18192 --- [restartedMain] .d.s.w.r.o.CachingOperationNameGenerator : Generating unique operation named: findUserByIdUsingGET_1
2022-09-06 14:53:39.954  INFO 18192 --- [restartedMain] .d.s.w.r.o.CachingOperationNameGenerator : Generating unique operation named: indexUsingPOST_1
2022-09-06 14:53:39.956  INFO 18192 --- [restartedMain] .d.s.w.r.o.CachingOperationNameGenerator : Generating unique operation named: listUserUsingGET_1
2022-09-06 14:53:39.957  INFO 18192 --- [restartedMain] .d.s.w.r.o.CachingOperationNameGenerator : Generating unique operation named: permissionUsingGET_1
2022-09-06 14:53:39.959  INFO 18192 --- [restartedMain] .d.s.w.r.o.CachingOperationNameGenerator : Generating unique operation named: updateUsingPUT_1
2022-09-06 14:53:39.967  INFO 18192 --- [restartedMain] c.e.s.SpringbootMybatisApplication       : Started SpringbootMybatisApplication in 7.785 seconds (JVM running for 8.686)
2022-09-06 14:53:49.606  INFO 18192 --- [http-nio-8020-exec-3] o.a.c.c.C.[Tomcat].[localhost].[/]       : Initializing Spring DispatcherServlet 'dispatcherServlet'
2022-09-06 14:53:49.606  INFO 18192 --- [http-nio-8020-exec-3] o.s.web.servlet.DispatcherServlet        : Initializing Servlet 'dispatcherServlet'
2022-09-06 14:53:49.613  INFO 18192 --- [http-nio-8020-exec-3] o.s.web.servlet.DispatcherServlet        : Completed initialization in 7 ms
2022-09-06 14:53:49.744  INFO 18192 --- [http-nio-8020-exec-3] com.alibaba.druid.pool.DruidDataSource   : {dataSource-1} inited
2022-09-06 14:53:50.189 DEBUG 18192 --- [http-nio-8020-exec-3] c.e.s.dao.AuthDao.rawUserMenu            : ==>  Preparing: select g.name userName, h.* from (select * from mybatis.user WHERE createBy =3)g left join( select e.userID, f.* from mybatis.user_role e join( select c.name roleName, d.* from mybatis.role c join( select roleID, permissionID, permission, pid, url from mybatis.role_permission a join mybatis.permission b on a.permissionID = b.id where b.type = "菜单") d on c.id = d.roleID) f on e.roleID = f.roleID) h on g.id = h.userID where userID = ?
2022-09-06 14:53:50.206 DEBUG 18192 --- [http-nio-8020-exec-3] c.e.s.dao.AuthDao.rawUserMenu            : ==> Parameters: 3(Integer)
2022-09-06 14:53:50.224 DEBUG 18192 --- [http-nio-8020-exec-3] c.e.s.dao.AuthDao.rawUserMenu            : <==      Total: 2
2022-09-06 14:53:54.228 DEBUG 18192 --- [http-nio-8020-exec-2] c.e.s.dao.AuthDao.rawUserMenu            : ==>  Preparing: select g.name userName, h.* from (select * from mybatis.user WHERE createBy =3)g left join( select e.userID, f.* from mybatis.user_role e join( select c.name roleName, d.* from mybatis.role c join( select roleID, permissionID, permission, pid, url from mybatis.role_permission a join mybatis.permission b on a.permissionID = b.id where b.type = "菜单") d on c.id = d.roleID) f on e.roleID = f.roleID) h on g.id = h.userID where userID = ?
2022-09-06 14:53:54.228 DEBUG 18192 --- [http-nio-8020-exec-2] c.e.s.dao.AuthDao.rawUserMenu            : ==> Parameters: 1(Integer)
2022-09-06 14:53:54.229 DEBUG 18192 --- [http-nio-8020-exec-2] c.e.s.dao.AuthDao.rawUserMenu            : <==      Total: 0
2022-09-06 14:54:01.936 DEBUG 18192 --- [http-nio-8020-exec-4] c.e.s.dao.AuthDao.rawUserMenu            : ==>  Preparing: select g.name userName, h.* from (select * from mybatis.user WHERE createBy =3)g left join( select e.userID, f.* from mybatis.user_role e join( select c.name roleName, d.* from mybatis.role c join( select roleID, permissionID, permission, pid, url from mybatis.role_permission a join mybatis.permission b on a.permissionID = b.id where b.type = "菜单") d on c.id = d.roleID) f on e.roleID = f.roleID) h on g.id = h.userID where userID = ?
2022-09-06 14:54:01.937 DEBUG 18192 --- [http-nio-8020-exec-4] c.e.s.dao.AuthDao.rawUserMenu            : ==> Parameters: 3(Integer)
2022-09-06 14:54:01.940 DEBUG 18192 --- [http-nio-8020-exec-4] c.e.s.dao.AuthDao.rawUserMenu            : <==      Total: 2
2022-09-06 15:24:30.185  WARN 18192 --- [http-nio-8020-exec-7] c.a.druid.pool.DruidAbstractDataSource   : discard long time none received connection. , jdbcUrl : jdbc:mysql://localhost:3306/mybatis?useUnicode=true&characterEncoding=utf-8&serverTimezone=GMT, version : 1.2.4, lastPacketReceivedIdleMillis : 1828235
2022-09-06 15:24:30.201 DEBUG 18192 --- [http-nio-8020-exec-7] c.e.s.dao.AuthDao.rawUserMenu            : ==>  Preparing: select g.name userName, h.* from (select * from mybatis.user WHERE createBy =3)g left join( select e.userID, f.* from mybatis.user_role e join( select c.name roleName, d.* from mybatis.role c join( select roleID, permissionID, permission, pid, url from mybatis.role_permission a join mybatis.permission b on a.permissionID = b.id where b.type = "菜单") d on c.id = d.roleID) f on e.roleID = f.roleID) h on g.id = h.userID where userID = ?
2022-09-06 15:24:30.202 DEBUG 18192 --- [http-nio-8020-exec-7] c.e.s.dao.AuthDao.rawUserMenu            : ==> Parameters: 3(Integer)
2022-09-06 15:24:30.205 DEBUG 18192 --- [http-nio-8020-exec-7] c.e.s.dao.AuthDao.rawUserMenu            : <==      Total: 2
2022-09-06 18:06:18.116  WARN 18192 --- [Thread-21] c.a.nacos.common.notify.NotifyCenter     : [NotifyCenter] Start destroying Publisher
2022-09-06 18:06:18.116  WARN 18192 --- [Thread-24] c.a.n.common.http.HttpClientBeanHolder   : [HttpClientBeanHolder] Start destroying common HttpClient
2022-09-06 18:06:18.118  WARN 18192 --- [Thread-21] c.a.nacos.common.notify.NotifyCenter     : [NotifyCenter] Destruction of the end
2022-09-06 18:06:18.119  WARN 18192 --- [Thread-24] c.a.n.common.http.HttpClientBeanHolder   : [HttpClientBeanHolder] Destruction of the end
2022-09-06 18:06:18.432  INFO 18192 --- [SpringContextShutdownHook] o.s.s.c.ThreadPoolTaskScheduler          : Shutting down ExecutorService 'Nacos-Watch-Task-Scheduler'
2022-09-06 18:06:18.448  INFO 18192 --- [SpringContextShutdownHook] c.a.c.n.registry.NacosServiceRegistry    : De-registering from Nacos Server now...
2022-09-06 18:06:18.452  INFO 18192 --- [SpringContextShutdownHook] c.a.c.n.registry.NacosServiceRegistry    : De-registration finished.
2022-09-06 18:06:19.009  INFO 18192 --- [SpringContextShutdownHook] o.s.s.concurrent.ThreadPoolTaskExecutor  : Shutting down ExecutorService 'applicationTaskExecutor'
2022-09-06 18:06:19.050  INFO 18192 --- [SpringContextShutdownHook] com.alibaba.druid.pool.DruidDataSource   : {dataSource-1} closing ...
2022-09-06 18:06:19.052  INFO 18192 --- [SpringContextShutdownHook] com.alibaba.druid.pool.DruidDataSource   : {dataSource-1} closed
